{"name": "Отображение кнопки \"Оформить заказ\" в корзине при оформлении заказа не авторизованным пользователем", "status": "broken", "statusDetails": {"message": "selenium.common.exceptions.TimeoutException: Message: \nStacktrace:\n\tGetHandleVerifier [0x0xee3763+63299]\n\tGetHandleVerifier [0x0xee37a4+63364]\n\t(No symbol) [0x0xd11113]\n\t(No symbol) [0x0xd5987e]\n\t(No symbol) [0x0xd59c1b]\n\t(No symbol) [0x0xda2212]\n\t(No symbol) [0x0xd7e5c4]\n\t(No symbol) [0x0xd9fa4a]\n\t(No symbol) [0x0xd7e376]\n\t(No symbol) [0x0xd4d6e0]\n\t(No symbol) [0x0xd4e544]\n\tGetHandleVerifier [0x0x113e033+2531347]\n\tGetHandleVerifier [0x0x1139332+2511634]\n\tGetHandleVerifier [0x0xf09eda+220858]\n\tGetHandleVerifier [0x0xefa528+156936]\n\tGetHandleVerifier [0x0xf00c5d+183357]\n\tGetHandleVerifier [0x0xeeb6c8+95912]\n\tGetHandleVerifier [0x0xeeb870+96336]\n\tGetHandleVerifier [0x0xed664a+9770]\n\tBaseThreadInitThunk [0x0x76de5d49+25]\n\tRtlInitializeExceptionChain [0x0x77aad03b+107]\n\tRtlGetAppContainerNamedObjectPath [0x0x77aacfc1+561]", "trace": "self = <test_placing_order_unauthorized_user.TestPlacingOrderUnauthorizedUser object at 0x000002E6FB02FBB0>\nopen_page = <function open_page.<locals>.callback at 0x000002E6FB3EF1F0>\nselenium = <selenium.webdriver.chrome.webdriver.WebDriver (session=\"e899aef5ee94830ff95f7e1f5a352c0a\")>\n\n>   ???\n\nC:\\Users\\Lenovo\\OneDrive\\Рабочий стол\\Автотесты\\python-autotests-basic\\tests\\the_final_work_on_autotests_in_python\\placing_order_unauthorized_user\\test_placing_order_unauthorized_user.py:57: \n_ _ _ _ _ _ _ _ _ _ _ _ _ _ _ _ _ _ _ _ _ _ _ _ _ _ _ _ _ _ _ _ _ _ _ _ _ _ _ _\n..\\..\\src\\actions\\waits\\wait_visible_element.py:11: in wait_visible_element\n    visible_element = wait.until(EC.visibility_of_element_located((By.XPATH, path)))\n_ _ _ _ _ _ _ _ _ _ _ _ _ _ _ _ _ _ _ _ _ _ _ _ _ _ _ _ _ _ _ _ _ _ _ _ _ _ _ _\n\nself = <selenium.webdriver.support.wait.WebDriverWait (session=\"e899aef5ee94830ff95f7e1f5a352c0a\")>\nmethod = <function visibility_of_element_located.<locals>._predicate at 0x000002E6FB3EF4C0>\nmessage = ''\n\n    def until(self, method: Callable[[D], Union[Literal[False], T]], message: str = \"\") -> T:\n        \"\"\"Wait until the method returns a value that is not False.\n    \n        Calls the method provided with the driver as an argument until the\n        return value does not evaluate to ``False``.\n    \n        Parameters:\n        -----------\n        method: callable(WebDriver)\n            - A callable object that takes a WebDriver instance as an argument.\n    \n        message: str\n            - Optional message for :exc:`TimeoutException`\n    \n        Return:\n        -------\n        object: T\n            - The result of the last call to `method`\n    \n        Raises:\n        -------\n        TimeoutException\n            - If 'method' does not return a truthy value within the WebDriverWait\n            object's timeout\n    \n        Example:\n        --------\n        >>> from selenium.webdriver.common.by import By\n        >>> from selenium.webdriver.support.ui import WebDriverWait\n        >>> from selenium.webdriver.support import expected_conditions as EC\n    \n        # Wait until an element is visible on the page\n        >>> wait = WebDriverWait(driver, 10)\n        >>> element = wait.until(EC.visibility_of_element_located((By.ID, \"exampleId\")))\n        >>> print(element.text)\n        \"\"\"\n        screen = None\n        stacktrace = None\n    \n        end_time = time.monotonic() + self._timeout\n        while True:\n            try:\n                value = method(self._driver)\n                if value:\n                    return value\n            except self._ignored_exceptions as exc:\n                screen = getattr(exc, \"screen\", None)\n                stacktrace = getattr(exc, \"stacktrace\", None)\n            if time.monotonic() > end_time:\n                break\n            time.sleep(self._poll)\n>       raise TimeoutException(message, screen, stacktrace)\nE       selenium.common.exceptions.TimeoutException: Message: \nE       Stacktrace:\nE       \tGetHandleVerifier [0x0xee3763+63299]\nE       \tGetHandleVerifier [0x0xee37a4+63364]\nE       \t(No symbol) [0x0xd11113]\nE       \t(No symbol) [0x0xd5987e]\nE       \t(No symbol) [0x0xd59c1b]\nE       \t(No symbol) [0x0xda2212]\nE       \t(No symbol) [0x0xd7e5c4]\nE       \t(No symbol) [0x0xd9fa4a]\nE       \t(No symbol) [0x0xd7e376]\nE       \t(No symbol) [0x0xd4d6e0]\nE       \t(No symbol) [0x0xd4e544]\nE       \tGetHandleVerifier [0x0x113e033+2531347]\nE       \tGetHandleVerifier [0x0x1139332+2511634]\nE       \tGetHandleVerifier [0x0xf09eda+220858]\nE       \tGetHandleVerifier [0x0xefa528+156936]\nE       \tGetHandleVerifier [0x0xf00c5d+183357]\nE       \tGetHandleVerifier [0x0xeeb6c8+95912]\nE       \tGetHandleVerifier [0x0xeeb870+96336]\nE       \tGetHandleVerifier [0x0xed664a+9770]\nE       \tBaseThreadInitThunk [0x0x76de5d49+25]\nE       \tRtlInitializeExceptionChain [0x0x77aad03b+107]\nE       \tRtlGetAppContainerNamedObjectPath [0x0x77aacfc1+561]\n\nC:\\Users\\Lenovo\\miniconda3\\envs\\Skillbox_1\\lib\\site-packages\\selenium\\webdriver\\support\\wait.py:146: TimeoutException"}, "description": "\n        Шаги:\n        1. Навести курсор на любую пиццу в слайдере\n        2. Навести курсор на кнопку \"В корзину\"\n        3. Сделать клик по кнопке \"В корзину\"\n        4. Навести курсор на иконку корзины\n        5. Сделать клик по иконке корзины\n        6. Убедиться в налии кнопки \"ОФОРМИТЬ ЗАКАЗ\"\n        ", "steps": [{"name": "Открываем страницу 'https://pizzeria.skillbox.cc/'", "status": "passed", "parameters": [{"name": "url", "value": "'https://pizzeria.skillbox.cc/'"}], "start": 1749395120637, "stop": 1749395120639}, {"name": "Запуск функции проверки и выхода из аккаунта", "status": "passed", "steps": [{"name": "Проверка авторизации пользователя", "status": "passed", "steps": [{"name": "Запуск функции ожидания того, что элемент находиться в DOM дереве страницы и виден", "status": "passed", "steps": [{"name": "Ожидание того, что искомый элемент находится в DOM дереве страницы и виден", "status": "passed", "start": 1749395120639, "stop": 1749395121407}], "parameters": [{"name": "wait", "value": "<selenium.webdriver.support.wait.WebDriverWait (session=\"e899aef5ee94830ff95f7e1f5a352c0a\")>"}, {"name": "path", "value": "'//div[@class='login-woocommerce']'"}], "start": 1749395120639, "stop": 1749395121407}, {"name": "Выход из аккаунта", "status": "passed", "steps": [{"name": "Запуск функции ожидание видимости элемента и наведение на него курсора", "status": "passed", "steps": [{"name": "Ожидание видимости элемента", "status": "passed", "steps": [{"name": "Запуск функции ожидания того, что элемент находиться в DOM дереве страницы и виден", "status": "passed", "steps": [{"name": "Ожидание того, что искомый элемент находится в DOM дереве страницы и виден", "status": "passed", "start": 1749395121409, "stop": 1749395121427}], "parameters": [{"name": "wait", "value": "<selenium.webdriver.support.wait.WebDriverWait (session=\"e899aef5ee94830ff95f7e1f5a352c0a\")>"}, {"name": "path", "value": "'//div[@class='login-woocommerce']'"}], "start": 1749395121409, "stop": 1749395121427}], "start": 1749395121409, "stop": 1749395121427}, {"name": "Навести курсор на элемент", "status": "passed", "start": 1749395121427, "stop": 1749395121707}], "parameters": [{"name": "wait", "value": "<selenium.webdriver.support.wait.WebDriverWait (session=\"e899aef5ee94830ff95f7e1f5a352c0a\")>"}, {"name": "action_chains", "value": "<selenium.webdriver.common.action_chains.ActionChains object at 0x000002E6FB4E26A0>"}, {"name": "path_element", "value": "'//div[@class='login-woocommerce']'"}], "start": 1749395121409, "stop": 1749395121707}], "start": 1749395121409, "stop": 1749395121720}], "start": 1749395120639, "stop": 1749395121720}], "parameters": [{"name": "wait", "value": "<selenium.webdriver.support.wait.WebDriverWait (session=\"e899aef5ee94830ff95f7e1f5a352c0a\")>"}, {"name": "action_chains", "value": "<selenium.webdriver.common.action_chains.ActionChains object at 0x000002E6FB4E26A0>"}, {"name": "go_to_element", "value": "<function go_to_element at 0x000002E6FB027040>"}], "start": 1749395120639, "stop": 1749395121720}, {"name": "Навести курсор на любую пиццу в слайдере", "status": "passed", "steps": [{"name": "Запуск функции ожидание видимости элемента и наведение на него курсора", "status": "passed", "steps": [{"name": "Ожидание видимости элемента", "status": "passed", "steps": [{"name": "Запуск функции ожидания того, что элемент находиться в DOM дереве страницы и виден", "status": "passed", "steps": [{"name": "Ожидание того, что искомый элемент находится в DOM дереве страницы и виден", "status": "passed", "start": 1749395121721, "stop": 1749395122607}], "parameters": [{"name": "wait", "value": "<selenium.webdriver.support.wait.WebDriverWait (session=\"e899aef5ee94830ff95f7e1f5a352c0a\")>"}, {"name": "path", "value": "'//li[contains(@class, 'slick-active')]'"}], "start": 1749395121721, "stop": 1749395122609}], "start": 1749395121721, "stop": 1749395122609}, {"name": "Навести курсор на элемент", "status": "passed", "start": 1749395122609, "stop": 1749395122877}], "parameters": [{"name": "wait", "value": "<selenium.webdriver.support.wait.WebDriverWait (session=\"e899aef5ee94830ff95f7e1f5a352c0a\")>"}, {"name": "action_chains", "value": "<selenium.webdriver.common.action_chains.ActionChains object at 0x000002E6FB4E26A0>"}, {"name": "path_element", "value": "'//li[contains(@class, 'slick-active')]'"}], "start": 1749395121720, "stop": 1749395122877}], "start": 1749395121720, "stop": 1749395122877}, {"name": "Навести курсор на кнопку \"В корзину\"", "status": "passed", "steps": [{"name": "Запуск функции ожидание видимости элемента и наведение на него курсора", "status": "passed", "steps": [{"name": "Ожидание видимости элемента", "status": "passed", "steps": [{"name": "Запуск функции ожидания того, что элемент находиться в DOM дереве страницы и виден", "status": "passed", "steps": [{"name": "Ожидание того, что искомый элемент находится в DOM дереве страницы и виден", "status": "passed", "start": 1749395122877, "stop": 1749395122887}], "parameters": [{"name": "wait", "value": "<selenium.webdriver.support.wait.WebDriverWait (session=\"e899aef5ee94830ff95f7e1f5a352c0a\")>"}, {"name": "path", "value": "'//li[contains(@class, 'slick-active')]//a[contains(text(), 'В корзину')]'"}], "start": 1749395122877, "stop": 1749395122887}], "start": 1749395122877, "stop": 1749395122887}, {"name": "Навести курсор на элемент", "status": "passed", "start": 1749395122887, "stop": 1749395123152}], "parameters": [{"name": "wait", "value": "<selenium.webdriver.support.wait.WebDriverWait (session=\"e899aef5ee94830ff95f7e1f5a352c0a\")>"}, {"name": "action_chains", "value": "<selenium.webdriver.common.action_chains.ActionChains object at 0x000002E6FB4E26A0>"}, {"name": "path_element", "value": "'//li[contains(@class, 'slick-active')]//a[contains(text(), 'В корзину')]'"}], "start": 1749395122877, "stop": 1749395123152}], "start": 1749395122877, "stop": 1749395123152}, {"name": "Сделать клик по кнопке \"В корзину\"", "status": "passed", "start": 1749395123152, "stop": 1749395123160}, {"name": "Навести курсор на иконку корзины", "status": "passed", "steps": [{"name": "Запуск функции ожидание видимости элемента и наведение на него курсора", "status": "passed", "steps": [{"name": "Ожидание видимости элемента", "status": "passed", "steps": [{"name": "Запуск функции ожидания того, что элемент находиться в DOM дереве страницы и виден", "status": "passed", "steps": [{"name": "Ожидание того, что искомый элемент находится в DOM дереве страницы и виден", "status": "passed", "start": 1749395123160, "stop": 1749395123169}], "parameters": [{"name": "wait", "value": "<selenium.webdriver.support.wait.WebDriverWait (session=\"e899aef5ee94830ff95f7e1f5a352c0a\")>"}, {"name": "path", "value": "'//a[contains(@class, 'cart-contents')]'"}], "start": 1749395123160, "stop": 1749395123169}], "start": 1749395123160, "stop": 1749395123169}, {"name": "Навести курсор на элемент", "status": "passed", "start": 1749395123169, "stop": 1749395123450}], "parameters": [{"name": "wait", "value": "<selenium.webdriver.support.wait.WebDriverWait (session=\"e899aef5ee94830ff95f7e1f5a352c0a\")>"}, {"name": "action_chains", "value": "<selenium.webdriver.common.action_chains.ActionChains object at 0x000002E6FB4E26A0>"}, {"name": "path_element", "value": "'//a[contains(@class, 'cart-contents')]'"}], "start": 1749395123160, "stop": 1749395123450}], "start": 1749395123160, "stop": 1749395123450}, {"name": "Сделать клик по иконке корзины", "status": "passed", "start": 1749395123450, "stop": 1749395123457}, {"name": "Убедиться в налии кнопки \"ОФОРМИТЬ ЗАКАЗ\"", "status": "broken", "statusDetails": {"message": "selenium.common.exceptions.TimeoutException: Message: \nStacktrace:\n\tGetHandleVerifier [0x0xee3763+63299]\n\tGetHandleVerifier [0x0xee37a4+63364]\n\t(No symbol) [0x0xd11113]\n\t(No symbol) [0x0xd5987e]\n\t(No symbol) [0x0xd59c1b]\n\t(No symbol) [0x0xda2212]\n\t(No symbol) [0x0xd7e5c4]\n\t(No symbol) [0x0xd9fa4a]\n\t(No symbol) [0x0xd7e376]\n\t(No symbol) [0x0xd4d6e0]\n\t(No symbol) [0x0xd4e544]\n\tGetHandleVerifier [0x0x113e033+2531347]\n\tGetHandleVerifier [0x0x1139332+2511634]\n\tGetHandleVerifier [0x0xf09eda+220858]\n\tGetHandleVerifier [0x0xefa528+156936]\n\tGetHandleVerifier [0x0xf00c5d+183357]\n\tGetHandleVerifier [0x0xeeb6c8+95912]\n\tGetHandleVerifier [0x0xeeb870+96336]\n\tGetHandleVerifier [0x0xed664a+9770]\n\tBaseThreadInitThunk [0x0x76de5d49+25]\n\tRtlInitializeExceptionChain [0x0x77aad03b+107]\n\tRtlGetAppContainerNamedObjectPath [0x0x77aacfc1+561]\n\n", "trace": "  File \"C:\\Users\\Lenovo\\OneDrive\\Рабочий стол\\Автотесты\\python-autotests-basic\\tests\\the_final_work_on_autotests_in_python\\placing_order_unauthorized_user\\test_placing_order_unauthorized_user.py\", line 57, in test_displaying_place_order_button\n  File \"C:\\Users\\Lenovo\\miniconda3\\envs\\Skillbox_1\\lib\\site-packages\\allure_commons\\_allure.py\", line 202, in impl\n    return func(*a, **kw)\n  File \"C:\\Users\\Lenovo\\OneDrive\\Рабочий стол\\Автотесты\\python-autotests-basic\\src\\actions\\waits\\wait_visible_element.py\", line 11, in wait_visible_element\n    visible_element = wait.until(EC.visibility_of_element_located((By.XPATH, path)))\n  File \"C:\\Users\\Lenovo\\miniconda3\\envs\\Skillbox_1\\lib\\site-packages\\selenium\\webdriver\\support\\wait.py\", line 146, in until\n    raise TimeoutException(message, screen, stacktrace)\n"}, "steps": [{"name": "Запуск функции ожидания того, что элемент находиться в DOM дереве страницы и виден", "status": "broken", "statusDetails": {"message": "selenium.common.exceptions.TimeoutException: Message: \nStacktrace:\n\tGetHandleVerifier [0x0xee3763+63299]\n\tGetHandleVerifier [0x0xee37a4+63364]\n\t(No symbol) [0x0xd11113]\n\t(No symbol) [0x0xd5987e]\n\t(No symbol) [0x0xd59c1b]\n\t(No symbol) [0x0xda2212]\n\t(No symbol) [0x0xd7e5c4]\n\t(No symbol) [0x0xd9fa4a]\n\t(No symbol) [0x0xd7e376]\n\t(No symbol) [0x0xd4d6e0]\n\t(No symbol) [0x0xd4e544]\n\tGetHandleVerifier [0x0x113e033+2531347]\n\tGetHandleVerifier [0x0x1139332+2511634]\n\tGetHandleVerifier [0x0xf09eda+220858]\n\tGetHandleVerifier [0x0xefa528+156936]\n\tGetHandleVerifier [0x0xf00c5d+183357]\n\tGetHandleVerifier [0x0xeeb6c8+95912]\n\tGetHandleVerifier [0x0xeeb870+96336]\n\tGetHandleVerifier [0x0xed664a+9770]\n\tBaseThreadInitThunk [0x0x76de5d49+25]\n\tRtlInitializeExceptionChain [0x0x77aad03b+107]\n\tRtlGetAppContainerNamedObjectPath [0x0x77aacfc1+561]\n\n", "trace": "  File \"C:\\Users\\Lenovo\\miniconda3\\envs\\Skillbox_1\\lib\\site-packages\\allure_commons\\_allure.py\", line 202, in impl\n    return func(*a, **kw)\n  File \"C:\\Users\\Lenovo\\OneDrive\\Рабочий стол\\Автотесты\\python-autotests-basic\\src\\actions\\waits\\wait_visible_element.py\", line 11, in wait_visible_element\n    visible_element = wait.until(EC.visibility_of_element_located((By.XPATH, path)))\n  File \"C:\\Users\\Lenovo\\miniconda3\\envs\\Skillbox_1\\lib\\site-packages\\selenium\\webdriver\\support\\wait.py\", line 146, in until\n    raise TimeoutException(message, screen, stacktrace)\n"}, "steps": [{"name": "Ожидание того, что искомый элемент находится в DOM дереве страницы и виден", "status": "broken", "statusDetails": {"message": "selenium.common.exceptions.TimeoutException: Message: \nStacktrace:\n\tGetHandleVerifier [0x0xee3763+63299]\n\tGetHandleVerifier [0x0xee37a4+63364]\n\t(No symbol) [0x0xd11113]\n\t(No symbol) [0x0xd5987e]\n\t(No symbol) [0x0xd59c1b]\n\t(No symbol) [0x0xda2212]\n\t(No symbol) [0x0xd7e5c4]\n\t(No symbol) [0x0xd9fa4a]\n\t(No symbol) [0x0xd7e376]\n\t(No symbol) [0x0xd4d6e0]\n\t(No symbol) [0x0xd4e544]\n\tGetHandleVerifier [0x0x113e033+2531347]\n\tGetHandleVerifier [0x0x1139332+2511634]\n\tGetHandleVerifier [0x0xf09eda+220858]\n\tGetHandleVerifier [0x0xefa528+156936]\n\tGetHandleVerifier [0x0xf00c5d+183357]\n\tGetHandleVerifier [0x0xeeb6c8+95912]\n\tGetHandleVerifier [0x0xeeb870+96336]\n\tGetHandleVerifier [0x0xed664a+9770]\n\tBaseThreadInitThunk [0x0x76de5d49+25]\n\tRtlInitializeExceptionChain [0x0x77aad03b+107]\n\tRtlGetAppContainerNamedObjectPath [0x0x77aacfc1+561]\n\n", "trace": "  File \"C:\\Users\\Lenovo\\OneDrive\\Рабочий стол\\Автотесты\\python-autotests-basic\\src\\actions\\waits\\wait_visible_element.py\", line 11, in wait_visible_element\n    visible_element = wait.until(EC.visibility_of_element_located((By.XPATH, path)))\n  File \"C:\\Users\\Lenovo\\miniconda3\\envs\\Skillbox_1\\lib\\site-packages\\selenium\\webdriver\\support\\wait.py\", line 146, in until\n    raise TimeoutException(message, screen, stacktrace)\n"}, "start": 1749395123809, "stop": 1749395134090}], "parameters": [{"name": "wait", "value": "<selenium.webdriver.support.wait.WebDriverWait (session=\"e899aef5ee94830ff95f7e1f5a352c0a\")>"}, {"name": "path", "value": "'//a[contains(text(), 'ОФОРМИТЬ ЗАКАЗ')]'"}], "start": 1749395123809, "stop": 1749395134098}], "attachments": [{"name": "Кнопка 'ОФОРМИТЬ ЗАКАЗ' не найдена", "source": "d1086ec3-e05f-47fb-91f1-27f57fdd56c1-attachment.png", "type": "image/png"}], "start": 1749395123457, "stop": 1749395134098}], "attachments": [{"name": "log", "source": "7a2f9dac-7137-44d7-9069-9ce7f1c85d19-attachment.txt", "type": "text/plain"}], "start": 1749395120637, "stop": 1749395134098, "uuid": "efa97f91-c1da-492d-9361-f0b281cc43b9", "historyId": "172d1286d8ce8a7726ed6105061a1976", "testCaseId": "172d1286d8ce8a7726ed6105061a1976", "fullName": "tests.the_final_work_on_autotests_in_python.main_flow_client_in_selenium.placing_order_unauthorized_user.test_placing_order_unauthorized_user.TestPlacingOrderUnauthorizedUser#test_displaying_place_order_button", "labels": [{"name": "story", "value": "Оформление заказа не авторизованным пользователем"}, {"name": "feature", "value": "Тестирование функционала сайта Pizzeria"}, {"name": "epic", "value": "Финальная работа по курсу «Автотесты на Python"}, {"name": "parentSuite", "value": "tests.the_final_work_on_autotests_in_python.main_flow_client_in_selenium.placing_order_unauthorized_user"}, {"name": "suite", "value": "test_placing_order_unauthorized_user"}, {"name": "subSuite", "value": "TestPlacingOrderUnauthorizedUser"}, {"name": "host", "value": "Lenovo"}, {"name": "thread", "value": "12144-MainThread"}, {"name": "framework", "value": "pytest"}, {"name": "language", "value": "cpython3"}, {"name": "package", "value": "tests.the_final_work_on_autotests_in_python.main_flow_client_in_selenium.placing_order_unauthorized_user.test_placing_order_unauthorized_user"}]}