{"name": "Проверка успешной авторизации после регистрации", "status": "broken", "statusDetails": {"message": "selenium.common.exceptions.TimeoutException: Message: \nStacktrace:\n\tGetHandleVerifier [0x0xee3763+63299]\n\tGetHandleVerifier [0x0xee37a4+63364]\n\t(No symbol) [0x0xd11113]\n\t(No symbol) [0x0xd5987e]\n\t(No symbol) [0x0xd59c1b]\n\t(No symbol) [0x0xda2212]\n\t(No symbol) [0x0xd7e5c4]\n\t(No symbol) [0x0xd9fa4a]\n\t(No symbol) [0x0xd7e376]\n\t(No symbol) [0x0xd4d6e0]\n\t(No symbol) [0x0xd4e544]\n\tGetHandleVerifier [0x0x113e033+2531347]\n\tGetHandleVerifier [0x0x1139332+2511634]\n\tGetHandleVerifier [0x0xf09eda+220858]\n\tGetHandleVerifier [0x0xefa528+156936]\n\tGetHandleVerifier [0x0xf00c5d+183357]\n\tGetHandleVerifier [0x0xeeb6c8+95912]\n\tGetHandleVerifier [0x0xeeb870+96336]\n\tGetHandleVerifier [0x0xed664a+9770]\n\tBaseThreadInitThunk [0x0x76de5d49+25]\n\tRtlInitializeExceptionChain [0x0x77aad03b+107]\n\tRtlGetAppContainerNamedObjectPath [0x0x77aacfc1+561]", "trace": "self = <test_registration_and_authorization.TestRegistrationAuthorization object at 0x000002E6FAFF6BE0>\nopen_page = <function open_page.<locals>.callback at 0x000002E6FB3EF700>\nselenium = <selenium.webdriver.chrome.webdriver.WebDriver (session=\"e899aef5ee94830ff95f7e1f5a352c0a\")>\n\n>   ???\n\nC:\\Users\\Lenovo\\OneDrive\\Рабочий стол\\Автотесты\\python-autotests-basic\\tests\\the_final_work_on_autotests_in_python\\registration_and_authorization\\test_registration_and_authorization.py:180: \n_ _ _ _ _ _ _ _ _ _ _ _ _ _ _ _ _ _ _ _ _ _ _ _ _ _ _ _ _ _ _ _ _ _ _ _ _ _ _ _\n..\\..\\src\\actions\\helper\\go_to_element.py:12: in go_to_element\n    element = wait_visible_element(wait, path_element)\n..\\..\\src\\actions\\waits\\wait_visible_element.py:11: in wait_visible_element\n    visible_element = wait.until(EC.visibility_of_element_located((By.XPATH, path)))\n_ _ _ _ _ _ _ _ _ _ _ _ _ _ _ _ _ _ _ _ _ _ _ _ _ _ _ _ _ _ _ _ _ _ _ _ _ _ _ _\n\nself = <selenium.webdriver.support.wait.WebDriverWait (session=\"e899aef5ee94830ff95f7e1f5a352c0a\")>\nmethod = <function visibility_of_element_located.<locals>._predicate at 0x000002E6FB2FDCA0>\nmessage = ''\n\n    def until(self, method: Callable[[D], Union[Literal[False], T]], message: str = \"\") -> T:\n        \"\"\"Wait until the method returns a value that is not False.\n    \n        Calls the method provided with the driver as an argument until the\n        return value does not evaluate to ``False``.\n    \n        Parameters:\n        -----------\n        method: callable(WebDriver)\n            - A callable object that takes a WebDriver instance as an argument.\n    \n        message: str\n            - Optional message for :exc:`TimeoutException`\n    \n        Return:\n        -------\n        object: T\n            - The result of the last call to `method`\n    \n        Raises:\n        -------\n        TimeoutException\n            - If 'method' does not return a truthy value within the WebDriverWait\n            object's timeout\n    \n        Example:\n        --------\n        >>> from selenium.webdriver.common.by import By\n        >>> from selenium.webdriver.support.ui import WebDriverWait\n        >>> from selenium.webdriver.support import expected_conditions as EC\n    \n        # Wait until an element is visible on the page\n        >>> wait = WebDriverWait(driver, 10)\n        >>> element = wait.until(EC.visibility_of_element_located((By.ID, \"exampleId\")))\n        >>> print(element.text)\n        \"\"\"\n        screen = None\n        stacktrace = None\n    \n        end_time = time.monotonic() + self._timeout\n        while True:\n            try:\n                value = method(self._driver)\n                if value:\n                    return value\n            except self._ignored_exceptions as exc:\n                screen = getattr(exc, \"screen\", None)\n                stacktrace = getattr(exc, \"stacktrace\", None)\n            if time.monotonic() > end_time:\n                break\n            time.sleep(self._poll)\n>       raise TimeoutException(message, screen, stacktrace)\nE       selenium.common.exceptions.TimeoutException: Message: \nE       Stacktrace:\nE       \tGetHandleVerifier [0x0xee3763+63299]\nE       \tGetHandleVerifier [0x0xee37a4+63364]\nE       \t(No symbol) [0x0xd11113]\nE       \t(No symbol) [0x0xd5987e]\nE       \t(No symbol) [0x0xd59c1b]\nE       \t(No symbol) [0x0xda2212]\nE       \t(No symbol) [0x0xd7e5c4]\nE       \t(No symbol) [0x0xd9fa4a]\nE       \t(No symbol) [0x0xd7e376]\nE       \t(No symbol) [0x0xd4d6e0]\nE       \t(No symbol) [0x0xd4e544]\nE       \tGetHandleVerifier [0x0x113e033+2531347]\nE       \tGetHandleVerifier [0x0x1139332+2511634]\nE       \tGetHandleVerifier [0x0xf09eda+220858]\nE       \tGetHandleVerifier [0x0xefa528+156936]\nE       \tGetHandleVerifier [0x0xf00c5d+183357]\nE       \tGetHandleVerifier [0x0xeeb6c8+95912]\nE       \tGetHandleVerifier [0x0xeeb870+96336]\nE       \tGetHandleVerifier [0x0xed664a+9770]\nE       \tBaseThreadInitThunk [0x0x76de5d49+25]\nE       \tRtlInitializeExceptionChain [0x0x77aad03b+107]\nE       \tRtlGetAppContainerNamedObjectPath [0x0x77aacfc1+561]\n\nC:\\Users\\Lenovo\\miniconda3\\envs\\Skillbox_1\\lib\\site-packages\\selenium\\webdriver\\support\\wait.py:146: TimeoutException"}, "description": "\n        Шаги:\n        1. Навести курсор на поле \"Имя пользователя\"\n        2. Сделать клик по полю \"Имя пользователя\"\n        3. Ввести в поле \"Имя пользователя\" валидное значение на кириллице\n        4. Навести курсор на поле \"Адрес почты\"\n        5. Сделать клик по полю \"Адрес почты\"\n        6. Ввести в поле \"Адрес почты\" валидный email\n        7. Навести курсор на поле \"Пароль\"\n        8. Сделать клик по полю \"Пароль\"\n        9. Ввести в поле \"Пароль\" валидный пароль\n        10. Навести курсор на кнопку \"Зарегистрироваться\"\n        11. Сделать клик по кнопке \"Зарегистрироваться\"\n        12. Навести курсор на вкладку \"Мой аккаунт\"\n        13. Сделать клик по вкладке \"Мой аккаунт\"\n        14. Навести курсор на вкладку \"Данные аккаунта\"\n        15. Сделать клик по вкладке \"Данные аккаунта\"\n        16. Проверка того, что введённые данные отображаются корректно\n        ", "steps": [{"name": "Открываем страницу 'https://pizzeria.skillbox.cc/register/'", "status": "passed", "parameters": [{"name": "url", "value": "'https://pizzeria.skillbox.cc/register/'"}], "start": 1749395152710, "stop": 1749395152711}, {"name": "Запуск функции проверки и выхода из аккаунта", "status": "passed", "steps": [{"name": "Проверка авторизации пользователя", "status": "passed", "steps": [{"name": "Запуск функции ожидания того, что элемент находиться в DOM дереве страницы и виден", "status": "passed", "steps": [{"name": "Ожидание того, что искомый элемент находится в DOM дереве страницы и виден", "status": "passed", "start": 1749395152711, "stop": 1749395153413}], "parameters": [{"name": "wait", "value": "<selenium.webdriver.support.wait.WebDriverWait (session=\"e899aef5ee94830ff95f7e1f5a352c0a\")>"}, {"name": "path", "value": "'//div[@class='login-woocommerce']'"}], "start": 1749395152711, "stop": 1749395153413}], "start": 1749395152711, "stop": 1749395153419}], "parameters": [{"name": "wait", "value": "<selenium.webdriver.support.wait.WebDriverWait (session=\"e899aef5ee94830ff95f7e1f5a352c0a\")>"}, {"name": "action_chains", "value": "<selenium.webdriver.common.action_chains.ActionChains object at 0x000002E6FB4BF700>"}, {"name": "go_to_element", "value": "<function go_to_element at 0x000002E6FB027040>"}], "start": 1749395152711, "stop": 1749395153419}, {"name": "Навести курсор на поле \"Имя пользователя\"", "status": "passed", "steps": [{"name": "Запуск функции ожидание видимости элемента и наведение на него курсора", "status": "passed", "steps": [{"name": "Ожидание видимости элемента", "status": "passed", "steps": [{"name": "Запуск функции ожидания того, что элемент находиться в DOM дереве страницы и виден", "status": "passed", "steps": [{"name": "Ожидание того, что искомый элемент находится в DOM дереве страницы и виден", "status": "passed", "start": 1749395153419, "stop": 1749395153429}], "parameters": [{"name": "wait", "value": "<selenium.webdriver.support.wait.WebDriverWait (session=\"e899aef5ee94830ff95f7e1f5a352c0a\")>"}, {"name": "path", "value": "'//input[@id='reg_username']'"}], "start": 1749395153419, "stop": 1749395153429}], "start": 1749395153419, "stop": 1749395153429}, {"name": "Навести курсор на элемент", "status": "passed", "start": 1749395153429, "stop": 1749395153686}], "parameters": [{"name": "wait", "value": "<selenium.webdriver.support.wait.WebDriverWait (session=\"e899aef5ee94830ff95f7e1f5a352c0a\")>"}, {"name": "action_chains", "value": "<selenium.webdriver.common.action_chains.ActionChains object at 0x000002E6FB4BF700>"}, {"name": "path_element", "value": "'//input[@id='reg_username']'"}], "start": 1749395153419, "stop": 1749395153686}], "start": 1749395153419, "stop": 1749395153686}, {"name": "Сделать клик по полю \"Имя пользователя\"", "status": "passed", "start": 1749395153686, "stop": 1749395153699}, {"name": "Ввести в поле \"Имя пользователя\" валидное значение", "status": "passed", "start": 1749395153699, "stop": 1749395153723}, {"name": "Навести курсор на поле \"Адрес почты\"", "status": "passed", "steps": [{"name": "Запуск функции ожидание видимости элемента и наведение на него курсора", "status": "passed", "steps": [{"name": "Ожидание видимости элемента", "status": "passed", "steps": [{"name": "Запуск функции ожидания того, что элемент находиться в DOM дереве страницы и виден", "status": "passed", "steps": [{"name": "Ожидание того, что искомый элемент находится в DOM дереве страницы и виден", "status": "passed", "start": 1749395153724, "stop": 1749395153734}], "parameters": [{"name": "wait", "value": "<selenium.webdriver.support.wait.WebDriverWait (session=\"e899aef5ee94830ff95f7e1f5a352c0a\")>"}, {"name": "path", "value": "'//input[@id='reg_email']'"}], "start": 1749395153724, "stop": 1749395153734}], "start": 1749395153724, "stop": 1749395153734}, {"name": "Навести курсор на элемент", "status": "passed", "start": 1749395153734, "stop": 1749395153994}], "parameters": [{"name": "wait", "value": "<selenium.webdriver.support.wait.WebDriverWait (session=\"e899aef5ee94830ff95f7e1f5a352c0a\")>"}, {"name": "action_chains", "value": "<selenium.webdriver.common.action_chains.ActionChains object at 0x000002E6FB4BF700>"}, {"name": "path_element", "value": "'//input[@id='reg_email']'"}], "start": 1749395153723, "stop": 1749395153994}], "start": 1749395153723, "stop": 1749395153994}, {"name": "Сделать клик по полю \"Адрес почты\"", "status": "passed", "start": 1749395153994, "stop": 1749395154010}, {"name": "Ввести в поле \"Адрес почты\" валидный email", "status": "passed", "start": 1749395154010, "stop": 1749395154044}, {"name": "Навести курсор на поле \"Пароль\"", "status": "passed", "steps": [{"name": "Запуск функции ожидание видимости элемента и наведение на него курсора", "status": "passed", "steps": [{"name": "Ожидание видимости элемента", "status": "passed", "steps": [{"name": "Запуск функции ожидания того, что элемент находиться в DOM дереве страницы и виден", "status": "passed", "steps": [{"name": "Ожидание того, что искомый элемент находится в DOM дереве страницы и виден", "status": "passed", "start": 1749395154045, "stop": 1749395154055}], "parameters": [{"name": "wait", "value": "<selenium.webdriver.support.wait.WebDriverWait (session=\"e899aef5ee94830ff95f7e1f5a352c0a\")>"}, {"name": "path", "value": "'//input[@id='reg_password']'"}], "start": 1749395154045, "stop": 1749395154056}], "start": 1749395154045, "stop": 1749395154056}, {"name": "Навести курсор на элемент", "status": "passed", "start": 1749395154056, "stop": 1749395154323}], "parameters": [{"name": "wait", "value": "<selenium.webdriver.support.wait.WebDriverWait (session=\"e899aef5ee94830ff95f7e1f5a352c0a\")>"}, {"name": "action_chains", "value": "<selenium.webdriver.common.action_chains.ActionChains object at 0x000002E6FB4BF700>"}, {"name": "path_element", "value": "'//input[@id='reg_password']'"}], "start": 1749395154044, "stop": 1749395154323}], "start": 1749395154044, "stop": 1749395154323}, {"name": "Сделать клик по полю \"Пароль\"", "status": "passed", "start": 1749395154323, "stop": 1749395154332}, {"name": "Ввести в поле \"Пароль\" валидный пароль", "status": "passed", "start": 1749395154332, "stop": 1749395154355}, {"name": "Навести курсор на кнопку \"Зарегистрироваться\"", "status": "passed", "steps": [{"name": "Запуск функции ожидание видимости элемента и наведение на него курсора", "status": "passed", "steps": [{"name": "Ожидание видимости элемента", "status": "passed", "steps": [{"name": "Запуск функции ожидания того, что элемент находиться в DOM дереве страницы и виден", "status": "passed", "steps": [{"name": "Ожидание того, что искомый элемент находится в DOM дереве страницы и виден", "status": "passed", "start": 1749395154355, "stop": 1749395154368}], "parameters": [{"name": "wait", "value": "<selenium.webdriver.support.wait.WebDriverWait (session=\"e899aef5ee94830ff95f7e1f5a352c0a\")>"}, {"name": "path", "value": "'//button[@name='register']'"}], "start": 1749395154355, "stop": 1749395154368}], "start": 1749395154355, "stop": 1749395154368}, {"name": "Навести курсор на элемент", "status": "passed", "start": 1749395154368, "stop": 1749395154633}], "parameters": [{"name": "wait", "value": "<selenium.webdriver.support.wait.WebDriverWait (session=\"e899aef5ee94830ff95f7e1f5a352c0a\")>"}, {"name": "action_chains", "value": "<selenium.webdriver.common.action_chains.ActionChains object at 0x000002E6FB4BF700>"}, {"name": "path_element", "value": "'//button[@name='register']'"}], "start": 1749395154355, "stop": 1749395154633}], "start": 1749395154355, "stop": 1749395154633}, {"name": "Сделать клик по кнопке \"Зарегистрироваться\"", "status": "passed", "start": 1749395154633, "stop": 1749395154639}, {"name": "Навести курсор на вкладку \"Мой аккаунт\"", "status": "passed", "steps": [{"name": "Запуск функции ожидание видимости элемента и наведение на него курсора", "status": "passed", "steps": [{"name": "Ожидание видимости элемента", "status": "passed", "steps": [{"name": "Запуск функции ожидания того, что элемент находиться в DOM дереве страницы и виден", "status": "passed", "steps": [{"name": "Ожидание того, что искомый элемент находится в DOM дереве страницы и виден", "status": "passed", "start": 1749395154639, "stop": 1749395155312}], "parameters": [{"name": "wait", "value": "<selenium.webdriver.support.wait.WebDriverWait (session=\"e899aef5ee94830ff95f7e1f5a352c0a\")>"}, {"name": "path", "value": "'(//a[contains(text(), 'Мой аккаунт')])[1]'"}], "start": 1749395154639, "stop": 1749395155313}], "start": 1749395154639, "stop": 1749395155313}, {"name": "Навести курсор на элемент", "status": "passed", "start": 1749395155313, "stop": 1749395155571}], "parameters": [{"name": "wait", "value": "<selenium.webdriver.support.wait.WebDriverWait (session=\"e899aef5ee94830ff95f7e1f5a352c0a\")>"}, {"name": "action_chains", "value": "<selenium.webdriver.common.action_chains.ActionChains object at 0x000002E6FB4BF700>"}, {"name": "path_element", "value": "'(//a[contains(text(), 'Мой аккаунт')])[1]'"}], "start": 1749395154639, "stop": 1749395155571}], "start": 1749395154639, "stop": 1749395155571}, {"name": "Сделать клик по вкладке \"Мой аккаунт\"", "status": "passed", "start": 1749395155571, "stop": 1749395155582}, {"name": "Навести курсор на вкладку \"Данные аккаунта\"", "status": "broken", "statusDetails": {"message": "selenium.common.exceptions.TimeoutException: Message: \nStacktrace:\n\tGetHandleVerifier [0x0xee3763+63299]\n\tGetHandleVerifier [0x0xee37a4+63364]\n\t(No symbol) [0x0xd11113]\n\t(No symbol) [0x0xd5987e]\n\t(No symbol) [0x0xd59c1b]\n\t(No symbol) [0x0xda2212]\n\t(No symbol) [0x0xd7e5c4]\n\t(No symbol) [0x0xd9fa4a]\n\t(No symbol) [0x0xd7e376]\n\t(No symbol) [0x0xd4d6e0]\n\t(No symbol) [0x0xd4e544]\n\tGetHandleVerifier [0x0x113e033+2531347]\n\tGetHandleVerifier [0x0x1139332+2511634]\n\tGetHandleVerifier [0x0xf09eda+220858]\n\tGetHandleVerifier [0x0xefa528+156936]\n\tGetHandleVerifier [0x0xf00c5d+183357]\n\tGetHandleVerifier [0x0xeeb6c8+95912]\n\tGetHandleVerifier [0x0xeeb870+96336]\n\tGetHandleVerifier [0x0xed664a+9770]\n\tBaseThreadInitThunk [0x0x76de5d49+25]\n\tRtlInitializeExceptionChain [0x0x77aad03b+107]\n\tRtlGetAppContainerNamedObjectPath [0x0x77aacfc1+561]\n\n", "trace": "  File \"C:\\Users\\Lenovo\\OneDrive\\Рабочий стол\\Автотесты\\python-autotests-basic\\tests\\the_final_work_on_autotests_in_python\\registration_and_authorization\\test_registration_and_authorization.py\", line 180, in test_verification_after_registration\n  File \"C:\\Users\\Lenovo\\miniconda3\\envs\\Skillbox_1\\lib\\site-packages\\allure_commons\\_allure.py\", line 202, in impl\n    return func(*a, **kw)\n  File \"C:\\Users\\Lenovo\\OneDrive\\Рабочий стол\\Автотесты\\python-autotests-basic\\src\\actions\\helper\\go_to_element.py\", line 12, in go_to_element\n    element = wait_visible_element(wait, path_element)\n  File \"C:\\Users\\Lenovo\\miniconda3\\envs\\Skillbox_1\\lib\\site-packages\\allure_commons\\_allure.py\", line 202, in impl\n    return func(*a, **kw)\n  File \"C:\\Users\\Lenovo\\OneDrive\\Рабочий стол\\Автотесты\\python-autotests-basic\\src\\actions\\waits\\wait_visible_element.py\", line 11, in wait_visible_element\n    visible_element = wait.until(EC.visibility_of_element_located((By.XPATH, path)))\n  File \"C:\\Users\\Lenovo\\miniconda3\\envs\\Skillbox_1\\lib\\site-packages\\selenium\\webdriver\\support\\wait.py\", line 146, in until\n    raise TimeoutException(message, screen, stacktrace)\n"}, "steps": [{"name": "Запуск функции ожидание видимости элемента и наведение на него курсора", "status": "broken", "statusDetails": {"message": "selenium.common.exceptions.TimeoutException: Message: \nStacktrace:\n\tGetHandleVerifier [0x0xee3763+63299]\n\tGetHandleVerifier [0x0xee37a4+63364]\n\t(No symbol) [0x0xd11113]\n\t(No symbol) [0x0xd5987e]\n\t(No symbol) [0x0xd59c1b]\n\t(No symbol) [0x0xda2212]\n\t(No symbol) [0x0xd7e5c4]\n\t(No symbol) [0x0xd9fa4a]\n\t(No symbol) [0x0xd7e376]\n\t(No symbol) [0x0xd4d6e0]\n\t(No symbol) [0x0xd4e544]\n\tGetHandleVerifier [0x0x113e033+2531347]\n\tGetHandleVerifier [0x0x1139332+2511634]\n\tGetHandleVerifier [0x0xf09eda+220858]\n\tGetHandleVerifier [0x0xefa528+156936]\n\tGetHandleVerifier [0x0xf00c5d+183357]\n\tGetHandleVerifier [0x0xeeb6c8+95912]\n\tGetHandleVerifier [0x0xeeb870+96336]\n\tGetHandleVerifier [0x0xed664a+9770]\n\tBaseThreadInitThunk [0x0x76de5d49+25]\n\tRtlInitializeExceptionChain [0x0x77aad03b+107]\n\tRtlGetAppContainerNamedObjectPath [0x0x77aacfc1+561]\n\n", "trace": "  File \"C:\\Users\\Lenovo\\miniconda3\\envs\\Skillbox_1\\lib\\site-packages\\allure_commons\\_allure.py\", line 202, in impl\n    return func(*a, **kw)\n  File \"C:\\Users\\Lenovo\\OneDrive\\Рабочий стол\\Автотесты\\python-autotests-basic\\src\\actions\\helper\\go_to_element.py\", line 12, in go_to_element\n    element = wait_visible_element(wait, path_element)\n  File \"C:\\Users\\Lenovo\\miniconda3\\envs\\Skillbox_1\\lib\\site-packages\\allure_commons\\_allure.py\", line 202, in impl\n    return func(*a, **kw)\n  File \"C:\\Users\\Lenovo\\OneDrive\\Рабочий стол\\Автотесты\\python-autotests-basic\\src\\actions\\waits\\wait_visible_element.py\", line 11, in wait_visible_element\n    visible_element = wait.until(EC.visibility_of_element_located((By.XPATH, path)))\n  File \"C:\\Users\\Lenovo\\miniconda3\\envs\\Skillbox_1\\lib\\site-packages\\selenium\\webdriver\\support\\wait.py\", line 146, in until\n    raise TimeoutException(message, screen, stacktrace)\n"}, "steps": [{"name": "Ожидание видимости элемента", "status": "broken", "statusDetails": {"message": "selenium.common.exceptions.TimeoutException: Message: \nStacktrace:\n\tGetHandleVerifier [0x0xee3763+63299]\n\tGetHandleVerifier [0x0xee37a4+63364]\n\t(No symbol) [0x0xd11113]\n\t(No symbol) [0x0xd5987e]\n\t(No symbol) [0x0xd59c1b]\n\t(No symbol) [0x0xda2212]\n\t(No symbol) [0x0xd7e5c4]\n\t(No symbol) [0x0xd9fa4a]\n\t(No symbol) [0x0xd7e376]\n\t(No symbol) [0x0xd4d6e0]\n\t(No symbol) [0x0xd4e544]\n\tGetHandleVerifier [0x0x113e033+2531347]\n\tGetHandleVerifier [0x0x1139332+2511634]\n\tGetHandleVerifier [0x0xf09eda+220858]\n\tGetHandleVerifier [0x0xefa528+156936]\n\tGetHandleVerifier [0x0xf00c5d+183357]\n\tGetHandleVerifier [0x0xeeb6c8+95912]\n\tGetHandleVerifier [0x0xeeb870+96336]\n\tGetHandleVerifier [0x0xed664a+9770]\n\tBaseThreadInitThunk [0x0x76de5d49+25]\n\tRtlInitializeExceptionChain [0x0x77aad03b+107]\n\tRtlGetAppContainerNamedObjectPath [0x0x77aacfc1+561]\n\n", "trace": "  File \"C:\\Users\\Lenovo\\OneDrive\\Рабочий стол\\Автотесты\\python-autotests-basic\\src\\actions\\helper\\go_to_element.py\", line 12, in go_to_element\n    element = wait_visible_element(wait, path_element)\n  File \"C:\\Users\\Lenovo\\miniconda3\\envs\\Skillbox_1\\lib\\site-packages\\allure_commons\\_allure.py\", line 202, in impl\n    return func(*a, **kw)\n  File \"C:\\Users\\Lenovo\\OneDrive\\Рабочий стол\\Автотесты\\python-autotests-basic\\src\\actions\\waits\\wait_visible_element.py\", line 11, in wait_visible_element\n    visible_element = wait.until(EC.visibility_of_element_located((By.XPATH, path)))\n  File \"C:\\Users\\Lenovo\\miniconda3\\envs\\Skillbox_1\\lib\\site-packages\\selenium\\webdriver\\support\\wait.py\", line 146, in until\n    raise TimeoutException(message, screen, stacktrace)\n"}, "steps": [{"name": "Запуск функции ожидания того, что элемент находиться в DOM дереве страницы и виден", "status": "broken", "statusDetails": {"message": "selenium.common.exceptions.TimeoutException: Message: \nStacktrace:\n\tGetHandleVerifier [0x0xee3763+63299]\n\tGetHandleVerifier [0x0xee37a4+63364]\n\t(No symbol) [0x0xd11113]\n\t(No symbol) [0x0xd5987e]\n\t(No symbol) [0x0xd59c1b]\n\t(No symbol) [0x0xda2212]\n\t(No symbol) [0x0xd7e5c4]\n\t(No symbol) [0x0xd9fa4a]\n\t(No symbol) [0x0xd7e376]\n\t(No symbol) [0x0xd4d6e0]\n\t(No symbol) [0x0xd4e544]\n\tGetHandleVerifier [0x0x113e033+2531347]\n\tGetHandleVerifier [0x0x1139332+2511634]\n\tGetHandleVerifier [0x0xf09eda+220858]\n\tGetHandleVerifier [0x0xefa528+156936]\n\tGetHandleVerifier [0x0xf00c5d+183357]\n\tGetHandleVerifier [0x0xeeb6c8+95912]\n\tGetHandleVerifier [0x0xeeb870+96336]\n\tGetHandleVerifier [0x0xed664a+9770]\n\tBaseThreadInitThunk [0x0x76de5d49+25]\n\tRtlInitializeExceptionChain [0x0x77aad03b+107]\n\tRtlGetAppContainerNamedObjectPath [0x0x77aacfc1+561]\n\n", "trace": "  File \"C:\\Users\\Lenovo\\miniconda3\\envs\\Skillbox_1\\lib\\site-packages\\allure_commons\\_allure.py\", line 202, in impl\n    return func(*a, **kw)\n  File \"C:\\Users\\Lenovo\\OneDrive\\Рабочий стол\\Автотесты\\python-autotests-basic\\src\\actions\\waits\\wait_visible_element.py\", line 11, in wait_visible_element\n    visible_element = wait.until(EC.visibility_of_element_located((By.XPATH, path)))\n  File \"C:\\Users\\Lenovo\\miniconda3\\envs\\Skillbox_1\\lib\\site-packages\\selenium\\webdriver\\support\\wait.py\", line 146, in until\n    raise TimeoutException(message, screen, stacktrace)\n"}, "steps": [{"name": "Ожидание того, что искомый элемент находится в DOM дереве страницы и виден", "status": "broken", "statusDetails": {"message": "selenium.common.exceptions.TimeoutException: Message: \nStacktrace:\n\tGetHandleVerifier [0x0xee3763+63299]\n\tGetHandleVerifier [0x0xee37a4+63364]\n\t(No symbol) [0x0xd11113]\n\t(No symbol) [0x0xd5987e]\n\t(No symbol) [0x0xd59c1b]\n\t(No symbol) [0x0xda2212]\n\t(No symbol) [0x0xd7e5c4]\n\t(No symbol) [0x0xd9fa4a]\n\t(No symbol) [0x0xd7e376]\n\t(No symbol) [0x0xd4d6e0]\n\t(No symbol) [0x0xd4e544]\n\tGetHandleVerifier [0x0x113e033+2531347]\n\tGetHandleVerifier [0x0x1139332+2511634]\n\tGetHandleVerifier [0x0xf09eda+220858]\n\tGetHandleVerifier [0x0xefa528+156936]\n\tGetHandleVerifier [0x0xf00c5d+183357]\n\tGetHandleVerifier [0x0xeeb6c8+95912]\n\tGetHandleVerifier [0x0xeeb870+96336]\n\tGetHandleVerifier [0x0xed664a+9770]\n\tBaseThreadInitThunk [0x0x76de5d49+25]\n\tRtlInitializeExceptionChain [0x0x77aad03b+107]\n\tRtlGetAppContainerNamedObjectPath [0x0x77aacfc1+561]\n\n", "trace": "  File \"C:\\Users\\Lenovo\\OneDrive\\Рабочий стол\\Автотесты\\python-autotests-basic\\src\\actions\\waits\\wait_visible_element.py\", line 11, in wait_visible_element\n    visible_element = wait.until(EC.visibility_of_element_located((By.XPATH, path)))\n  File \"C:\\Users\\Lenovo\\miniconda3\\envs\\Skillbox_1\\lib\\site-packages\\selenium\\webdriver\\support\\wait.py\", line 146, in until\n    raise TimeoutException(message, screen, stacktrace)\n"}, "start": 1749395155582, "stop": 1749395185981}], "parameters": [{"name": "wait", "value": "<selenium.webdriver.support.wait.WebDriverWait (session=\"e899aef5ee94830ff95f7e1f5a352c0a\")>"}, {"name": "path", "value": "'//a[contains(text(), 'Данные аккаунта')]'"}], "start": 1749395155582, "stop": 1749395185981}], "start": 1749395155582, "stop": 1749395185981}], "parameters": [{"name": "wait", "value": "<selenium.webdriver.support.wait.WebDriverWait (session=\"e899aef5ee94830ff95f7e1f5a352c0a\")>"}, {"name": "action_chains", "value": "<selenium.webdriver.common.action_chains.ActionChains object at 0x000002E6FB4BF700>"}, {"name": "path_element", "value": "'//a[contains(text(), 'Данные аккаунта')]'"}], "start": 1749395155582, "stop": 1749395185991}], "start": 1749395155582, "stop": 1749395185991}], "attachments": [{"name": "log", "source": "846e1929-7ae8-48f6-b151-7acc390f7d56-attachment.txt", "type": "text/plain"}], "start": 1749395152710, "stop": 1749395185991, "uuid": "966530dd-16c0-4600-8d1c-6ff87524b2d5", "historyId": "a93263c9c21b56fbbdf4a83b5c5af5ed", "testCaseId": "a93263c9c21b56fbbdf4a83b5c5af5ed", "fullName": "tests.the_final_work_on_autotests_in_python.main_flow_client_in_selenium.registration_and_authorization.test_registration_and_authorization.TestRegistrationAuthorization#test_verification_after_registration", "labels": [{"name": "story", "value": "Регистрация и авторизация"}, {"name": "feature", "value": "Тестирование функционала сайта Pizzeria"}, {"name": "epic", "value": "Финальная работа по курсу «Автотесты на Python"}, {"name": "parentSuite", "value": "tests.the_final_work_on_autotests_in_python.main_flow_client_in_selenium.registration_and_authorization"}, {"name": "suite", "value": "test_registration_and_authorization"}, {"name": "subSuite", "value": "TestRegistrationAuthorization"}, {"name": "host", "value": "Lenovo"}, {"name": "thread", "value": "12144-MainThread"}, {"name": "framework", "value": "pytest"}, {"name": "language", "value": "cpython3"}, {"name": "package", "value": "tests.the_final_work_on_autotests_in_python.main_flow_client_in_selenium.registration_and_authorization.test_registration_and_authorization"}]}