{"name": "Проверка успешной авторизации после регистрации", "status": "broken", "statusDetails": {"message": "selenium.common.exceptions.TimeoutException: Message: \nStacktrace:\n\tGetHandleVerifier [0x0x6b3763+63299]\n\tGetHandleVerifier [0x0x6b37a4+63364]\n\t(No symbol) [0x0x4e1113]\n\t(No symbol) [0x0x52987e]\n\t(No symbol) [0x0x529c1b]\n\t(No symbol) [0x0x572212]\n\t(No symbol) [0x0x54e5c4]\n\t(No symbol) [0x0x56fa4a]\n\t(No symbol) [0x0x54e376]\n\t(No symbol) [0x0x51d6e0]\n\t(No symbol) [0x0x51e544]\n\tGetHandleVerifier [0x0x90e033+2531347]\n\tGetHandleVerifier [0x0x909332+2511634]\n\tGetHandleVerifier [0x0x6d9eda+220858]\n\tGetHandleVerifier [0x0x6ca528+156936]\n\tGetHandleVerifier [0x0x6d0c5d+183357]\n\tGetHandleVerifier [0x0x6bb6c8+95912]\n\tGetHandleVerifier [0x0x6bb870+96336]\n\tGetHandleVerifier [0x0x6a664a+9770]\n\tBaseThreadInitThunk [0x0x76de5d49+25]\n\tRtlInitializeExceptionChain [0x0x77aad03b+107]\n\tRtlGetAppContainerNamedObjectPath [0x0x77aacfc1+561]", "trace": "self = <test_registration_and_authorization.TestRegistrationAuthorization object at 0x0000025D6180E9D0>\nopen_page = <function open_page.<locals>.callback at 0x0000025D6192BC10>\nselenium = <selenium.webdriver.chrome.webdriver.WebDriver (session=\"9e815aa6a7e7ca58d547def85e57c292\")>\n\n    @allure.title(\"Проверка успешной авторизации после регистрации\")\n    def test_verification_after_registration(self, open_page, selenium):\n        \"\"\"\n        Шаги:\n        1. Навести курсор на поле \"Имя пользователя\"\n        2. Сделать клик по полю \"Имя пользователя\"\n        3. Ввести в поле \"Имя пользователя\" валидное значение на кириллице\n        4. Навести курсор на поле \"Адрес почты\"\n        5. Сделать клик по полю \"Адрес почты\"\n        6. Ввести в поле \"Адрес почты\" валидный email\n        7. Навести курсор на поле \"Пароль\"\n        8. Сделать клик по полю \"Пароль\"\n        9. Ввести в поле \"Пароль\" валидный пароль\n        10. Навести курсор на кнопку \"Зарегистрироваться\"\n        11. Сделать клик по кнопке \"Зарегистрироваться\"\n        12. Навести курсор на вкладку \"Мой аккаунт\"\n        13. Сделать клик по вкладке \"Мой аккаунт\"\n        14. Навести курсор на вкладку \"Данные аккаунта\"\n        15. Сделать клик по вкладке \"Данные аккаунта\"\n        16. Проверка того, что введённые данные отображаются корректно\n        \"\"\"\n        wait = WebDriverWait(selenium, timeout=30)\n        action_chains = ActionChains(selenium)\n        path_field_username = \"//input[@id='reg_username']\"\n        path_field_email = \"//input[@id='reg_email']\"\n        path_field_password = \"//input[@id='reg_password']\"\n        path_button_register = \"//button[@name='register']\"\n        username = \"Zu10\"\n        email = \"zu10@mail.ru\"\n        password = \"qwe123!@#\"\n        path_page_my_account = \"(//a[contains(text(), 'Мой аккаунт')])[1]\"\n        path_account_information = \"//a[contains(text(), 'Данные аккаунта')]\"\n        path_field_name = \"//input[@id='account_display_name']\"\n        path_adress_email = \"//input[@id='account_email']\"\n    \n        open_page(\"https://pizzeria.skillbox.cc/register/\")\n        logout(wait, action_chains, go_to_element)\n    \n        with step('Навести курсор на поле \"Имя пользователя\"'):\n            field_username = go_to_element(wait, action_chains, path_field_username)\n        with step('Сделать клик по полю \"Имя пользователя\"'):\n            action_chains.click().perform()\n        with step('Ввести в поле \"Имя пользователя\" валидное значение'):\n            field_username.send_keys(username)\n        with step('Навести курсор на поле \"Адрес почты\"'):\n            field_email = go_to_element(wait, action_chains, path_field_email)\n        with step('Сделать клик по полю \"Адрес почты\"'):\n            action_chains.click().perform()\n        with step('Ввести в поле \"Адрес почты\" валидный email'):\n            field_email.send_keys(email)\n        with step('Навести курсор на поле \"Пароль\"'):\n            field_password = go_to_element(wait, action_chains, path_field_password)\n        with step('Сделать клик по полю \"Пароль\"'):\n            action_chains.click().perform()\n        with step('Ввести в поле \"Пароль\" валидный пароль'):\n            field_password.send_keys(password)\n        with step('Навести курсор на кнопку \"Зарегистрироваться\"'):\n            go_to_element(wait, action_chains, path_button_register)\n        with step('Сделать клик по кнопке \"Зарегистрироваться\"'):\n            action_chains.click().perform()\n        with step('Навести курсор на вкладку \"Мой аккаунт\"'):\n            go_to_element(wait, action_chains, path_page_my_account)\n        with step('Сделать клик по вкладке \"Мой аккаунт\"'):\n            action_chains.click().perform()\n        with step('Навести курсор на вкладку \"Данные аккаунта\"'):\n>           go_to_element(wait, action_chains, path_account_information)\n\ntest_registration_and_authorization.py:180: \n_ _ _ _ _ _ _ _ _ _ _ _ _ _ _ _ _ _ _ _ _ _ _ _ _ _ _ _ _ _ _ _ _ _ _ _ _ _ _ _\n..\\..\\..\\src\\actions\\helper\\go_to_element.py:12: in go_to_element\n    element = wait_visible_element(wait, path_element)\n..\\..\\..\\src\\actions\\waits\\wait_visible_element.py:11: in wait_visible_element\n    visible_element = wait.until(EC.visibility_of_element_located((By.XPATH, path)))\n_ _ _ _ _ _ _ _ _ _ _ _ _ _ _ _ _ _ _ _ _ _ _ _ _ _ _ _ _ _ _ _ _ _ _ _ _ _ _ _\n\nself = <selenium.webdriver.support.wait.WebDriverWait (session=\"9e815aa6a7e7ca58d547def85e57c292\")>\nmethod = <function visibility_of_element_located.<locals>._predicate at 0x0000025D619198B0>\nmessage = ''\n\n    def until(self, method: Callable[[D], Union[Literal[False], T]], message: str = \"\") -> T:\n        \"\"\"Wait until the method returns a value that is not False.\n    \n        Calls the method provided with the driver as an argument until the\n        return value does not evaluate to ``False``.\n    \n        Parameters:\n        -----------\n        method: callable(WebDriver)\n            - A callable object that takes a WebDriver instance as an argument.\n    \n        message: str\n            - Optional message for :exc:`TimeoutException`\n    \n        Return:\n        -------\n        object: T\n            - The result of the last call to `method`\n    \n        Raises:\n        -------\n        TimeoutException\n            - If 'method' does not return a truthy value within the WebDriverWait\n            object's timeout\n    \n        Example:\n        --------\n        >>> from selenium.webdriver.common.by import By\n        >>> from selenium.webdriver.support.ui import WebDriverWait\n        >>> from selenium.webdriver.support import expected_conditions as EC\n    \n        # Wait until an element is visible on the page\n        >>> wait = WebDriverWait(driver, 10)\n        >>> element = wait.until(EC.visibility_of_element_located((By.ID, \"exampleId\")))\n        >>> print(element.text)\n        \"\"\"\n        screen = None\n        stacktrace = None\n    \n        end_time = time.monotonic() + self._timeout\n        while True:\n            try:\n                value = method(self._driver)\n                if value:\n                    return value\n            except self._ignored_exceptions as exc:\n                screen = getattr(exc, \"screen\", None)\n                stacktrace = getattr(exc, \"stacktrace\", None)\n            if time.monotonic() > end_time:\n                break\n            time.sleep(self._poll)\n>       raise TimeoutException(message, screen, stacktrace)\nE       selenium.common.exceptions.TimeoutException: Message: \nE       Stacktrace:\nE       \tGetHandleVerifier [0x0x6b3763+63299]\nE       \tGetHandleVerifier [0x0x6b37a4+63364]\nE       \t(No symbol) [0x0x4e1113]\nE       \t(No symbol) [0x0x52987e]\nE       \t(No symbol) [0x0x529c1b]\nE       \t(No symbol) [0x0x572212]\nE       \t(No symbol) [0x0x54e5c4]\nE       \t(No symbol) [0x0x56fa4a]\nE       \t(No symbol) [0x0x54e376]\nE       \t(No symbol) [0x0x51d6e0]\nE       \t(No symbol) [0x0x51e544]\nE       \tGetHandleVerifier [0x0x90e033+2531347]\nE       \tGetHandleVerifier [0x0x909332+2511634]\nE       \tGetHandleVerifier [0x0x6d9eda+220858]\nE       \tGetHandleVerifier [0x0x6ca528+156936]\nE       \tGetHandleVerifier [0x0x6d0c5d+183357]\nE       \tGetHandleVerifier [0x0x6bb6c8+95912]\nE       \tGetHandleVerifier [0x0x6bb870+96336]\nE       \tGetHandleVerifier [0x0x6a664a+9770]\nE       \tBaseThreadInitThunk [0x0x76de5d49+25]\nE       \tRtlInitializeExceptionChain [0x0x77aad03b+107]\nE       \tRtlGetAppContainerNamedObjectPath [0x0x77aacfc1+561]\n\nC:\\Users\\Lenovo\\miniconda3\\envs\\Skillbox_1\\lib\\site-packages\\selenium\\webdriver\\support\\wait.py:146: TimeoutException"}, "description": "\n        Шаги:\n        1. Навести курсор на поле \"Имя пользователя\"\n        2. Сделать клик по полю \"Имя пользователя\"\n        3. Ввести в поле \"Имя пользователя\" валидное значение на кириллице\n        4. Навести курсор на поле \"Адрес почты\"\n        5. Сделать клик по полю \"Адрес почты\"\n        6. Ввести в поле \"Адрес почты\" валидный email\n        7. Навести курсор на поле \"Пароль\"\n        8. Сделать клик по полю \"Пароль\"\n        9. Ввести в поле \"Пароль\" валидный пароль\n        10. Навести курсор на кнопку \"Зарегистрироваться\"\n        11. Сделать клик по кнопке \"Зарегистрироваться\"\n        12. Навести курсор на вкладку \"Мой аккаунт\"\n        13. Сделать клик по вкладке \"Мой аккаунт\"\n        14. Навести курсор на вкладку \"Данные аккаунта\"\n        15. Сделать клик по вкладке \"Данные аккаунта\"\n        16. Проверка того, что введённые данные отображаются корректно\n        ", "steps": [{"name": "Открываем страницу 'https://pizzeria.skillbox.cc/register/'", "status": "passed", "parameters": [{"name": "url", "value": "'https://pizzeria.skillbox.cc/register/'"}], "start": 1749020763527, "stop": 1749020763528}, {"name": "Запуск функции проверки и выхода из аккаунта", "status": "passed", "steps": [{"name": "Проверка авторизации пользователя", "status": "passed", "steps": [{"name": "Запуск функции ожидания того, что элемент находиться в DOM дереве страницы и виден", "status": "passed", "steps": [{"name": "Ожидание того, что искомый элемент находится в DOM дереве страницы и виден", "status": "passed", "start": 1749020763528, "stop": 1749020764193}], "parameters": [{"name": "wait", "value": "<selenium.webdriver.support.wait.WebDriverWait (session=\"9e815aa6a7e7ca58d547def85e57c292\")>"}, {"name": "path", "value": "'//div[@class='login-woocommerce']'"}], "start": 1749020763528, "stop": 1749020764193}], "start": 1749020763528, "stop": 1749020764197}], "parameters": [{"name": "wait", "value": "<selenium.webdriver.support.wait.WebDriverWait (session=\"9e815aa6a7e7ca58d547def85e57c292\")>"}, {"name": "action_chains", "value": "<selenium.webdriver.common.action_chains.ActionChains object at 0x0000025D618872E0>"}, {"name": "go_to_element", "value": "<function go_to_element at 0x0000025D61839E50>"}], "start": 1749020763528, "stop": 1749020764197}, {"name": "Навести курсор на поле \"Имя пользователя\"", "status": "passed", "steps": [{"name": "Запуск функции ожидание видимости элемента и наведение на него курсора", "status": "passed", "steps": [{"name": "Ожидание видимости элемента", "status": "passed", "steps": [{"name": "Запуск функции ожидания того, что элемент находиться в DOM дереве страницы и виден", "status": "passed", "steps": [{"name": "Ожидание того, что искомый элемент находится в DOM дереве страницы и виден", "status": "passed", "start": 1749020764197, "stop": 1749020764209}], "parameters": [{"name": "wait", "value": "<selenium.webdriver.support.wait.WebDriverWait (session=\"9e815aa6a7e7ca58d547def85e57c292\")>"}, {"name": "path", "value": "'//input[@id='reg_username']'"}], "start": 1749020764197, "stop": 1749020764209}], "start": 1749020764197, "stop": 1749020764209}, {"name": "Навести курсор на элемент", "status": "passed", "start": 1749020764209, "stop": 1749020764469}], "parameters": [{"name": "wait", "value": "<selenium.webdriver.support.wait.WebDriverWait (session=\"9e815aa6a7e7ca58d547def85e57c292\")>"}, {"name": "action_chains", "value": "<selenium.webdriver.common.action_chains.ActionChains object at 0x0000025D618872E0>"}, {"name": "path_element", "value": "'//input[@id='reg_username']'"}], "start": 1749020764197, "stop": 1749020764469}], "start": 1749020764197, "stop": 1749020764469}, {"name": "Сделать клик по полю \"Имя пользователя\"", "status": "passed", "start": 1749020764469, "stop": 1749020764477}, {"name": "Ввести в поле \"Имя пользователя\" валидное значение", "status": "passed", "start": 1749020764477, "stop": 1749020764497}, {"name": "Навести курсор на поле \"Адрес почты\"", "status": "passed", "steps": [{"name": "Запуск функции ожидание видимости элемента и наведение на него курсора", "status": "passed", "steps": [{"name": "Ожидание видимости элемента", "status": "passed", "steps": [{"name": "Запуск функции ожидания того, что элемент находиться в DOM дереве страницы и виден", "status": "passed", "steps": [{"name": "Ожидание того, что искомый элемент находится в DOM дереве страницы и виден", "status": "passed", "start": 1749020764498, "stop": 1749020764507}], "parameters": [{"name": "wait", "value": "<selenium.webdriver.support.wait.WebDriverWait (session=\"9e815aa6a7e7ca58d547def85e57c292\")>"}, {"name": "path", "value": "'//input[@id='reg_email']'"}], "start": 1749020764498, "stop": 1749020764507}], "start": 1749020764498, "stop": 1749020764507}, {"name": "Навести курсор на элемент", "status": "passed", "start": 1749020764507, "stop": 1749020764811}], "parameters": [{"name": "wait", "value": "<selenium.webdriver.support.wait.WebDriverWait (session=\"9e815aa6a7e7ca58d547def85e57c292\")>"}, {"name": "action_chains", "value": "<selenium.webdriver.common.action_chains.ActionChains object at 0x0000025D618872E0>"}, {"name": "path_element", "value": "'//input[@id='reg_email']'"}], "start": 1749020764497, "stop": 1749020764811}], "start": 1749020764497, "stop": 1749020764811}, {"name": "Сделать клик по полю \"Адрес почты\"", "status": "passed", "start": 1749020764811, "stop": 1749020764818}, {"name": "Ввести в поле \"Адрес почты\" валидный email", "status": "passed", "start": 1749020764818, "stop": 1749020764853}, {"name": "Навести курсор на поле \"Пароль\"", "status": "passed", "steps": [{"name": "Запуск функции ожидание видимости элемента и наведение на него курсора", "status": "passed", "steps": [{"name": "Ожидание видимости элемента", "status": "passed", "steps": [{"name": "Запуск функции ожидания того, что элемент находиться в DOM дереве страницы и виден", "status": "passed", "steps": [{"name": "Ожидание того, что искомый элемент находится в DOM дереве страницы и виден", "status": "passed", "start": 1749020764853, "stop": 1749020764867}], "parameters": [{"name": "wait", "value": "<selenium.webdriver.support.wait.WebDriverWait (session=\"9e815aa6a7e7ca58d547def85e57c292\")>"}, {"name": "path", "value": "'//input[@id='reg_password']'"}], "start": 1749020764853, "stop": 1749020764867}], "start": 1749020764853, "stop": 1749020764867}, {"name": "Навести курсор на элемент", "status": "passed", "start": 1749020764867, "stop": 1749020765139}], "parameters": [{"name": "wait", "value": "<selenium.webdriver.support.wait.WebDriverWait (session=\"9e815aa6a7e7ca58d547def85e57c292\")>"}, {"name": "action_chains", "value": "<selenium.webdriver.common.action_chains.ActionChains object at 0x0000025D618872E0>"}, {"name": "path_element", "value": "'//input[@id='reg_password']'"}], "start": 1749020764853, "stop": 1749020765139}], "start": 1749020764853, "stop": 1749020765139}, {"name": "Сделать клик по полю \"Пароль\"", "status": "passed", "start": 1749020765139, "stop": 1749020765147}, {"name": "Ввести в поле \"Пароль\" валидный пароль", "status": "passed", "start": 1749020765147, "stop": 1749020765167}, {"name": "Навести курсор на кнопку \"Зарегистрироваться\"", "status": "passed", "steps": [{"name": "Запуск функции ожидание видимости элемента и наведение на него курсора", "status": "passed", "steps": [{"name": "Ожидание видимости элемента", "status": "passed", "steps": [{"name": "Запуск функции ожидания того, что элемент находиться в DOM дереве страницы и виден", "status": "passed", "steps": [{"name": "Ожидание того, что искомый элемент находится в DOM дереве страницы и виден", "status": "passed", "start": 1749020765168, "stop": 1749020765177}], "parameters": [{"name": "wait", "value": "<selenium.webdriver.support.wait.WebDriverWait (session=\"9e815aa6a7e7ca58d547def85e57c292\")>"}, {"name": "path", "value": "'//button[@name='register']'"}], "start": 1749020765168, "stop": 1749020765177}], "start": 1749020765168, "stop": 1749020765177}, {"name": "Навести курсор на элемент", "status": "passed", "start": 1749020765177, "stop": 1749020765449}], "parameters": [{"name": "wait", "value": "<selenium.webdriver.support.wait.WebDriverWait (session=\"9e815aa6a7e7ca58d547def85e57c292\")>"}, {"name": "action_chains", "value": "<selenium.webdriver.common.action_chains.ActionChains object at 0x0000025D618872E0>"}, {"name": "path_element", "value": "'//button[@name='register']'"}], "start": 1749020765168, "stop": 1749020765449}], "start": 1749020765168, "stop": 1749020765449}, {"name": "Сделать клик по кнопке \"Зарегистрироваться\"", "status": "passed", "start": 1749020765449, "stop": 1749020765454}, {"name": "Навести курсор на вкладку \"Мой аккаунт\"", "status": "passed", "steps": [{"name": "Запуск функции ожидание видимости элемента и наведение на него курсора", "status": "passed", "steps": [{"name": "Ожидание видимости элемента", "status": "passed", "steps": [{"name": "Запуск функции ожидания того, что элемент находиться в DOM дереве страницы и виден", "status": "passed", "steps": [{"name": "Ожидание того, что искомый элемент находится в DOM дереве страницы и виден", "status": "passed", "start": 1749020765454, "stop": 1749020766160}], "parameters": [{"name": "wait", "value": "<selenium.webdriver.support.wait.WebDriverWait (session=\"9e815aa6a7e7ca58d547def85e57c292\")>"}, {"name": "path", "value": "'(//a[contains(text(), 'Мой аккаунт')])[1]'"}], "start": 1749020765454, "stop": 1749020766160}], "start": 1749020765454, "stop": 1749020766160}, {"name": "Навести курсор на элемент", "status": "passed", "start": 1749020766160, "stop": 1749020766435}], "parameters": [{"name": "wait", "value": "<selenium.webdriver.support.wait.WebDriverWait (session=\"9e815aa6a7e7ca58d547def85e57c292\")>"}, {"name": "action_chains", "value": "<selenium.webdriver.common.action_chains.ActionChains object at 0x0000025D618872E0>"}, {"name": "path_element", "value": "'(//a[contains(text(), 'Мой аккаунт')])[1]'"}], "start": 1749020765454, "stop": 1749020766435}], "start": 1749020765454, "stop": 1749020766435}, {"name": "Сделать клик по вкладке \"Мой аккаунт\"", "status": "passed", "start": 1749020766435, "stop": 1749020766444}, {"name": "Навести курсор на вкладку \"Данные аккаунта\"", "status": "broken", "statusDetails": {"message": "selenium.common.exceptions.TimeoutException: Message: \nStacktrace:\n\tGetHandleVerifier [0x0x6b3763+63299]\n\tGetHandleVerifier [0x0x6b37a4+63364]\n\t(No symbol) [0x0x4e1113]\n\t(No symbol) [0x0x52987e]\n\t(No symbol) [0x0x529c1b]\n\t(No symbol) [0x0x572212]\n\t(No symbol) [0x0x54e5c4]\n\t(No symbol) [0x0x56fa4a]\n\t(No symbol) [0x0x54e376]\n\t(No symbol) [0x0x51d6e0]\n\t(No symbol) [0x0x51e544]\n\tGetHandleVerifier [0x0x90e033+2531347]\n\tGetHandleVerifier [0x0x909332+2511634]\n\tGetHandleVerifier [0x0x6d9eda+220858]\n\tGetHandleVerifier [0x0x6ca528+156936]\n\tGetHandleVerifier [0x0x6d0c5d+183357]\n\tGetHandleVerifier [0x0x6bb6c8+95912]\n\tGetHandleVerifier [0x0x6bb870+96336]\n\tGetHandleVerifier [0x0x6a664a+9770]\n\tBaseThreadInitThunk [0x0x76de5d49+25]\n\tRtlInitializeExceptionChain [0x0x77aad03b+107]\n\tRtlGetAppContainerNamedObjectPath [0x0x77aacfc1+561]\n\n", "trace": "  File \"C:\\Users\\Lenovo\\OneDrive\\Рабочий стол\\Автотесты\\python-autotests-basic\\tests\\the_final_work_on_autotests_in_python\\registration_and_authorization\\test_registration_and_authorization.py\", line 180, in test_verification_after_registration\n    go_to_element(wait, action_chains, path_account_information)\n  File \"C:\\Users\\Lenovo\\miniconda3\\envs\\Skillbox_1\\lib\\site-packages\\allure_commons\\_allure.py\", line 202, in impl\n    return func(*a, **kw)\n  File \"C:\\Users\\Lenovo\\OneDrive\\Рабочий стол\\Автотесты\\python-autotests-basic\\src\\actions\\helper\\go_to_element.py\", line 12, in go_to_element\n    element = wait_visible_element(wait, path_element)\n  File \"C:\\Users\\Lenovo\\miniconda3\\envs\\Skillbox_1\\lib\\site-packages\\allure_commons\\_allure.py\", line 202, in impl\n    return func(*a, **kw)\n  File \"C:\\Users\\Lenovo\\OneDrive\\Рабочий стол\\Автотесты\\python-autotests-basic\\src\\actions\\waits\\wait_visible_element.py\", line 11, in wait_visible_element\n    visible_element = wait.until(EC.visibility_of_element_located((By.XPATH, path)))\n  File \"C:\\Users\\Lenovo\\miniconda3\\envs\\Skillbox_1\\lib\\site-packages\\selenium\\webdriver\\support\\wait.py\", line 146, in until\n    raise TimeoutException(message, screen, stacktrace)\n"}, "steps": [{"name": "Запуск функции ожидание видимости элемента и наведение на него курсора", "status": "broken", "statusDetails": {"message": "selenium.common.exceptions.TimeoutException: Message: \nStacktrace:\n\tGetHandleVerifier [0x0x6b3763+63299]\n\tGetHandleVerifier [0x0x6b37a4+63364]\n\t(No symbol) [0x0x4e1113]\n\t(No symbol) [0x0x52987e]\n\t(No symbol) [0x0x529c1b]\n\t(No symbol) [0x0x572212]\n\t(No symbol) [0x0x54e5c4]\n\t(No symbol) [0x0x56fa4a]\n\t(No symbol) [0x0x54e376]\n\t(No symbol) [0x0x51d6e0]\n\t(No symbol) [0x0x51e544]\n\tGetHandleVerifier [0x0x90e033+2531347]\n\tGetHandleVerifier [0x0x909332+2511634]\n\tGetHandleVerifier [0x0x6d9eda+220858]\n\tGetHandleVerifier [0x0x6ca528+156936]\n\tGetHandleVerifier [0x0x6d0c5d+183357]\n\tGetHandleVerifier [0x0x6bb6c8+95912]\n\tGetHandleVerifier [0x0x6bb870+96336]\n\tGetHandleVerifier [0x0x6a664a+9770]\n\tBaseThreadInitThunk [0x0x76de5d49+25]\n\tRtlInitializeExceptionChain [0x0x77aad03b+107]\n\tRtlGetAppContainerNamedObjectPath [0x0x77aacfc1+561]\n\n", "trace": "  File \"C:\\Users\\Lenovo\\miniconda3\\envs\\Skillbox_1\\lib\\site-packages\\allure_commons\\_allure.py\", line 202, in impl\n    return func(*a, **kw)\n  File \"C:\\Users\\Lenovo\\OneDrive\\Рабочий стол\\Автотесты\\python-autotests-basic\\src\\actions\\helper\\go_to_element.py\", line 12, in go_to_element\n    element = wait_visible_element(wait, path_element)\n  File \"C:\\Users\\Lenovo\\miniconda3\\envs\\Skillbox_1\\lib\\site-packages\\allure_commons\\_allure.py\", line 202, in impl\n    return func(*a, **kw)\n  File \"C:\\Users\\Lenovo\\OneDrive\\Рабочий стол\\Автотесты\\python-autotests-basic\\src\\actions\\waits\\wait_visible_element.py\", line 11, in wait_visible_element\n    visible_element = wait.until(EC.visibility_of_element_located((By.XPATH, path)))\n  File \"C:\\Users\\Lenovo\\miniconda3\\envs\\Skillbox_1\\lib\\site-packages\\selenium\\webdriver\\support\\wait.py\", line 146, in until\n    raise TimeoutException(message, screen, stacktrace)\n"}, "steps": [{"name": "Ожидание видимости элемента", "status": "broken", "statusDetails": {"message": "selenium.common.exceptions.TimeoutException: Message: \nStacktrace:\n\tGetHandleVerifier [0x0x6b3763+63299]\n\tGetHandleVerifier [0x0x6b37a4+63364]\n\t(No symbol) [0x0x4e1113]\n\t(No symbol) [0x0x52987e]\n\t(No symbol) [0x0x529c1b]\n\t(No symbol) [0x0x572212]\n\t(No symbol) [0x0x54e5c4]\n\t(No symbol) [0x0x56fa4a]\n\t(No symbol) [0x0x54e376]\n\t(No symbol) [0x0x51d6e0]\n\t(No symbol) [0x0x51e544]\n\tGetHandleVerifier [0x0x90e033+2531347]\n\tGetHandleVerifier [0x0x909332+2511634]\n\tGetHandleVerifier [0x0x6d9eda+220858]\n\tGetHandleVerifier [0x0x6ca528+156936]\n\tGetHandleVerifier [0x0x6d0c5d+183357]\n\tGetHandleVerifier [0x0x6bb6c8+95912]\n\tGetHandleVerifier [0x0x6bb870+96336]\n\tGetHandleVerifier [0x0x6a664a+9770]\n\tBaseThreadInitThunk [0x0x76de5d49+25]\n\tRtlInitializeExceptionChain [0x0x77aad03b+107]\n\tRtlGetAppContainerNamedObjectPath [0x0x77aacfc1+561]\n\n", "trace": "  File \"C:\\Users\\Lenovo\\OneDrive\\Рабочий стол\\Автотесты\\python-autotests-basic\\src\\actions\\helper\\go_to_element.py\", line 12, in go_to_element\n    element = wait_visible_element(wait, path_element)\n  File \"C:\\Users\\Lenovo\\miniconda3\\envs\\Skillbox_1\\lib\\site-packages\\allure_commons\\_allure.py\", line 202, in impl\n    return func(*a, **kw)\n  File \"C:\\Users\\Lenovo\\OneDrive\\Рабочий стол\\Автотесты\\python-autotests-basic\\src\\actions\\waits\\wait_visible_element.py\", line 11, in wait_visible_element\n    visible_element = wait.until(EC.visibility_of_element_located((By.XPATH, path)))\n  File \"C:\\Users\\Lenovo\\miniconda3\\envs\\Skillbox_1\\lib\\site-packages\\selenium\\webdriver\\support\\wait.py\", line 146, in until\n    raise TimeoutException(message, screen, stacktrace)\n"}, "steps": [{"name": "Запуск функции ожидания того, что элемент находиться в DOM дереве страницы и виден", "status": "broken", "statusDetails": {"message": "selenium.common.exceptions.TimeoutException: Message: \nStacktrace:\n\tGetHandleVerifier [0x0x6b3763+63299]\n\tGetHandleVerifier [0x0x6b37a4+63364]\n\t(No symbol) [0x0x4e1113]\n\t(No symbol) [0x0x52987e]\n\t(No symbol) [0x0x529c1b]\n\t(No symbol) [0x0x572212]\n\t(No symbol) [0x0x54e5c4]\n\t(No symbol) [0x0x56fa4a]\n\t(No symbol) [0x0x54e376]\n\t(No symbol) [0x0x51d6e0]\n\t(No symbol) [0x0x51e544]\n\tGetHandleVerifier [0x0x90e033+2531347]\n\tGetHandleVerifier [0x0x909332+2511634]\n\tGetHandleVerifier [0x0x6d9eda+220858]\n\tGetHandleVerifier [0x0x6ca528+156936]\n\tGetHandleVerifier [0x0x6d0c5d+183357]\n\tGetHandleVerifier [0x0x6bb6c8+95912]\n\tGetHandleVerifier [0x0x6bb870+96336]\n\tGetHandleVerifier [0x0x6a664a+9770]\n\tBaseThreadInitThunk [0x0x76de5d49+25]\n\tRtlInitializeExceptionChain [0x0x77aad03b+107]\n\tRtlGetAppContainerNamedObjectPath [0x0x77aacfc1+561]\n\n", "trace": "  File \"C:\\Users\\Lenovo\\miniconda3\\envs\\Skillbox_1\\lib\\site-packages\\allure_commons\\_allure.py\", line 202, in impl\n    return func(*a, **kw)\n  File \"C:\\Users\\Lenovo\\OneDrive\\Рабочий стол\\Автотесты\\python-autotests-basic\\src\\actions\\waits\\wait_visible_element.py\", line 11, in wait_visible_element\n    visible_element = wait.until(EC.visibility_of_element_located((By.XPATH, path)))\n  File \"C:\\Users\\Lenovo\\miniconda3\\envs\\Skillbox_1\\lib\\site-packages\\selenium\\webdriver\\support\\wait.py\", line 146, in until\n    raise TimeoutException(message, screen, stacktrace)\n"}, "steps": [{"name": "Ожидание того, что искомый элемент находится в DOM дереве страницы и виден", "status": "broken", "statusDetails": {"message": "selenium.common.exceptions.TimeoutException: Message: \nStacktrace:\n\tGetHandleVerifier [0x0x6b3763+63299]\n\tGetHandleVerifier [0x0x6b37a4+63364]\n\t(No symbol) [0x0x4e1113]\n\t(No symbol) [0x0x52987e]\n\t(No symbol) [0x0x529c1b]\n\t(No symbol) [0x0x572212]\n\t(No symbol) [0x0x54e5c4]\n\t(No symbol) [0x0x56fa4a]\n\t(No symbol) [0x0x54e376]\n\t(No symbol) [0x0x51d6e0]\n\t(No symbol) [0x0x51e544]\n\tGetHandleVerifier [0x0x90e033+2531347]\n\tGetHandleVerifier [0x0x909332+2511634]\n\tGetHandleVerifier [0x0x6d9eda+220858]\n\tGetHandleVerifier [0x0x6ca528+156936]\n\tGetHandleVerifier [0x0x6d0c5d+183357]\n\tGetHandleVerifier [0x0x6bb6c8+95912]\n\tGetHandleVerifier [0x0x6bb870+96336]\n\tGetHandleVerifier [0x0x6a664a+9770]\n\tBaseThreadInitThunk [0x0x76de5d49+25]\n\tRtlInitializeExceptionChain [0x0x77aad03b+107]\n\tRtlGetAppContainerNamedObjectPath [0x0x77aacfc1+561]\n\n", "trace": "  File \"C:\\Users\\Lenovo\\OneDrive\\Рабочий стол\\Автотесты\\python-autotests-basic\\src\\actions\\waits\\wait_visible_element.py\", line 11, in wait_visible_element\n    visible_element = wait.until(EC.visibility_of_element_located((By.XPATH, path)))\n  File \"C:\\Users\\Lenovo\\miniconda3\\envs\\Skillbox_1\\lib\\site-packages\\selenium\\webdriver\\support\\wait.py\", line 146, in until\n    raise TimeoutException(message, screen, stacktrace)\n"}, "start": 1749020766446, "stop": 1749020796899}], "parameters": [{"name": "wait", "value": "<selenium.webdriver.support.wait.WebDriverWait (session=\"9e815aa6a7e7ca58d547def85e57c292\")>"}, {"name": "path", "value": "'//a[contains(text(), 'Данные аккаунта')]'"}], "start": 1749020766446, "stop": 1749020796900}], "start": 1749020766446, "stop": 1749020796900}], "parameters": [{"name": "wait", "value": "<selenium.webdriver.support.wait.WebDriverWait (session=\"9e815aa6a7e7ca58d547def85e57c292\")>"}, {"name": "action_chains", "value": "<selenium.webdriver.common.action_chains.ActionChains object at 0x0000025D618872E0>"}, {"name": "path_element", "value": "'//a[contains(text(), 'Данные аккаунта')]'"}], "start": 1749020766446, "stop": 1749020796900}], "start": 1749020766444, "stop": 1749020796900}], "attachments": [{"name": "log", "source": "b5f550dd-e9da-4fb0-9518-a7077176f9ec-attachment.txt", "type": "text/plain"}], "start": 1749020763527, "stop": 1749020796900, "uuid": "590a0f13-3216-4afd-bec0-ef5eebdc1a39", "historyId": "d03d36c7c4bc4225f2a5bf2e618b095f", "testCaseId": "d03d36c7c4bc4225f2a5bf2e618b095f", "fullName": "tests.the_final_work_on_autotests_in_python.registration_and_authorization.test_registration_and_authorization.TestRegistrationAuthorization#test_verification_after_registration", "labels": [{"name": "story", "value": "Регистрация и авторизация"}, {"name": "feature", "value": "Тестирование функционала сайта Pizzeria"}, {"name": "epic", "value": "Финальная работа по курсу «Автотесты на Python"}, {"name": "parentSuite", "value": "tests.the_final_work_on_autotests_in_python.registration_and_authorization"}, {"name": "suite", "value": "test_registration_and_authorization"}, {"name": "subSuite", "value": "TestRegistrationAuthorization"}, {"name": "host", "value": "Lenovo"}, {"name": "thread", "value": "6028-MainThread"}, {"name": "framework", "value": "pytest"}, {"name": "language", "value": "cpython3"}, {"name": "package", "value": "tests.the_final_work_on_autotests_in_python.registration_and_authorization.test_registration_and_authorization"}]}