{"name": "test_validation_search_drop_down", "status": "broken", "statusDetails": {"message": "selenium.common.exceptions.ElementClickInterceptedException: Message: element click intercepted: Element <button type=\"button\" data-testid=\"authors-anchor-button\" aria-label=\"Filter by author\" class=\"Box-sc-g0xbh4-0 vuXkO prc-Button-ButtonBase-c50BI\" data-loading=\"false\" data-size=\"medium\" data-variant=\"invisible\" aria-describedby=\":rc:-loading-announcement\" tabindex=\"0\" style=\"--button-color: fg.muted;\">...</button> is not clickable at point (379, 306). Other element would receive the click: <div class=\"HeaderMenu-dropdown dropdown-menu rounded m-0 p-0 pt-2 pt-lg-4 position-relative position-lg-absolute left-0 left-lg-n3 pb-2 pb-lg-4 px-lg-4\">...</div>\n  (Session info: chrome=134.0.6998.179)\nStacktrace:\n\tGetHandleVerifier [0x00A2C7F3+24435]\n\t(No symbol) [0x009B2074]\n\t(No symbol) [0x008806E3]\n\t(No symbol) [0x008CEDD0]\n\t(No symbol) [0x008CD174]\n\t(No symbol) [0x008CAD17]\n\t(No symbol) [0x008CA001]\n\t(No symbol) [0x008BE685]\n\t(No symbol) [0x008ED7BC]\n\t(No symbol) [0x008BE114]\n\t(No symbol) [0x008EDA34]\n\t(No symbol) [0x0090F20A]\n\t(No symbol) [0x008ED5B6]\n\t(No symbol) [0x008BC54F]\n\t(No symbol) [0x008BD894]\n\tGetHandleVerifier [0x00D370A3+3213347]\n\tGetHandleVerifier [0x00D4B0C9+3295305]\n\tGetHandleVerifier [0x00D4558C+3271948]\n\tGetHandleVerifier [0x00AC7360+658144]\n\t(No symbol) [0x009BB27D]\n\t(No symbol) [0x009B8208]\n\t(No symbol) [0x009B83A9]\n\t(No symbol) [0x009AAAC0]\n\tBaseThreadInitThunk [0x76845D49+25]\n\tRtlInitializeExceptionChain [0x771CCE3B+107]\n\tRtlGetAppContainerNamedObjectPath [0x771CCDC1+561]", "trace": "self = <test_validation.TestValidation object at 0x0000017B65FEC520>\nselenium = <selenium.webdriver.chrome.webdriver.WebDriver (session=\"b3c7cfc08a99dd28bc15eb0bc6b0411a\")>\n\n    def test_validation_search_drop_down(self, selenium):\n        wait = WebDriverWait(selenium, timeout=10)\n        search_text = \"bpasero\"\n        element_search = 1\n        cnt_elements = 25\n        path = f'(//a[contains(text(), \"bpasero\")])[{element_search}]'\n    \n        selenium.get(\"https://github.com/microsoft/vscode/issues\")\n        check_button = wait.until(EC.element_to_be_clickable((\n            By.CSS_SELECTOR, \"[data-testid='authors-anchor-button']\")))\n>       check_button.click()\n\ntest_validation.py:42: \n_ _ _ _ _ _ _ _ _ _ _ _ _ _ _ _ _ _ _ _ _ _ _ _ _ _ _ _ _ _ _ _ _ _ _ _ _ _ _ _\nC:\\Users\\Lenovo\\miniconda3\\envs\\Skillbox_1\\lib\\site-packages\\selenium\\webdriver\\remote\\webelement.py:119: in click\n    self._execute(Command.CLICK_ELEMENT)\nC:\\Users\\Lenovo\\miniconda3\\envs\\Skillbox_1\\lib\\site-packages\\selenium\\webdriver\\remote\\webelement.py:572: in _execute\n    return self._parent.execute(command, params)\nC:\\Users\\Lenovo\\miniconda3\\envs\\Skillbox_1\\lib\\site-packages\\selenium\\webdriver\\remote\\webdriver.py:429: in execute\n    self.error_handler.check_response(response)\n_ _ _ _ _ _ _ _ _ _ _ _ _ _ _ _ _ _ _ _ _ _ _ _ _ _ _ _ _ _ _ _ _ _ _ _ _ _ _ _\n\nself = <selenium.webdriver.remote.errorhandler.ErrorHandler object at 0x0000017B660D23D0>\nresponse = {'status': 400, 'value': '{\"value\":{\"error\":\"element click intercepted\",\"message\":\"element click intercepted: Element ...9+25]\\\\n\\\\tRtlInitializeExceptionChain [0x771CCE3B+107]\\\\n\\\\tRtlGetAppContainerNamedObjectPath [0x771CCDC1+561]\\\\n\"}}'}\n\n    def check_response(self, response: Dict[str, Any]) -> None:\n        \"\"\"Checks that a JSON response from the WebDriver does not have an\n        error.\n    \n        :Args:\n         - response - The JSON response from the WebDriver server as a dictionary\n           object.\n    \n        :Raises: If the response contains an error message.\n        \"\"\"\n        status = response.get(\"status\", None)\n        if not status or status == ErrorCode.SUCCESS:\n            return\n        value = None\n        message = response.get(\"message\", \"\")\n        screen: str = response.get(\"screen\", \"\")\n        stacktrace = None\n        if isinstance(status, int):\n            value_json = response.get(\"value\", None)\n            if value_json and isinstance(value_json, str):\n                import json\n    \n                try:\n                    value = json.loads(value_json)\n                    if len(value) == 1:\n                        value = value[\"value\"]\n                    status = value.get(\"error\", None)\n                    if not status:\n                        status = value.get(\"status\", ErrorCode.UNKNOWN_ERROR)\n                        message = value.get(\"value\") or value.get(\"message\")\n                        if not isinstance(message, str):\n                            value = message\n                            message = message.get(\"message\")\n                    else:\n                        message = value.get(\"message\", None)\n                except ValueError:\n                    pass\n    \n        exception_class: Type[WebDriverException]\n        e = ErrorCode()\n        error_codes = [item for item in dir(e) if not item.startswith(\"__\")]\n        for error_code in error_codes:\n            error_info = getattr(ErrorCode, error_code)\n            if isinstance(error_info, list) and status in error_info:\n                exception_class = getattr(ExceptionMapping, error_code, WebDriverException)\n                break\n        else:\n            exception_class = WebDriverException\n    \n        if not value:\n            value = response[\"value\"]\n        if isinstance(value, str):\n            raise exception_class(value)\n        if message == \"\" and \"message\" in value:\n            message = value[\"message\"]\n    \n        screen = None  # type: ignore[assignment]\n        if \"screen\" in value:\n            screen = value[\"screen\"]\n    \n        stacktrace = None\n        st_value = value.get(\"stackTrace\") or value.get(\"stacktrace\")\n        if st_value:\n            if isinstance(st_value, str):\n                stacktrace = st_value.split(\"\\n\")\n            else:\n                stacktrace = []\n                try:\n                    for frame in st_value:\n                        line = frame.get(\"lineNumber\", \"\")\n                        file = frame.get(\"fileName\", \"<anonymous>\")\n                        if line:\n                            file = f\"{file}:{line}\"\n                        meth = frame.get(\"methodName\", \"<anonymous>\")\n                        if \"className\" in frame:\n                            meth = f\"{frame['className']}.{meth}\"\n                        msg = \"    at %s (%s)\"\n                        msg = msg % (meth, file)\n                        stacktrace.append(msg)\n                except TypeError:\n                    pass\n        if exception_class == UnexpectedAlertPresentException:\n            alert_text = None\n            if \"data\" in value:\n                alert_text = value[\"data\"].get(\"text\")\n            elif \"alert\" in value:\n                alert_text = value[\"alert\"].get(\"text\")\n            raise exception_class(message, screen, stacktrace, alert_text)  # type: ignore[call-arg]  # mypy is not smart enough here\n>       raise exception_class(message, screen, stacktrace)\nE       selenium.common.exceptions.ElementClickInterceptedException: Message: element click intercepted: Element <button type=\"button\" data-testid=\"authors-anchor-button\" aria-label=\"Filter by author\" class=\"Box-sc-g0xbh4-0 vuXkO prc-Button-ButtonBase-c50BI\" data-loading=\"false\" data-size=\"medium\" data-variant=\"invisible\" aria-describedby=\":rc:-loading-announcement\" tabindex=\"0\" style=\"--button-color: fg.muted;\">...</button> is not clickable at point (379, 306). Other element would receive the click: <div class=\"HeaderMenu-dropdown dropdown-menu rounded m-0 p-0 pt-2 pt-lg-4 position-relative position-lg-absolute left-0 left-lg-n3 pb-2 pb-lg-4 px-lg-4\">...</div>\nE         (Session info: chrome=134.0.6998.179)\nE       Stacktrace:\nE       \tGetHandleVerifier [0x00A2C7F3+24435]\nE       \t(No symbol) [0x009B2074]\nE       \t(No symbol) [0x008806E3]\nE       \t(No symbol) [0x008CEDD0]\nE       \t(No symbol) [0x008CD174]\nE       \t(No symbol) [0x008CAD17]\nE       \t(No symbol) [0x008CA001]\nE       \t(No symbol) [0x008BE685]\nE       \t(No symbol) [0x008ED7BC]\nE       \t(No symbol) [0x008BE114]\nE       \t(No symbol) [0x008EDA34]\nE       \t(No symbol) [0x0090F20A]\nE       \t(No symbol) [0x008ED5B6]\nE       \t(No symbol) [0x008BC54F]\nE       \t(No symbol) [0x008BD894]\nE       \tGetHandleVerifier [0x00D370A3+3213347]\nE       \tGetHandleVerifier [0x00D4B0C9+3295305]\nE       \tGetHandleVerifier [0x00D4558C+3271948]\nE       \tGetHandleVerifier [0x00AC7360+658144]\nE       \t(No symbol) [0x009BB27D]\nE       \t(No symbol) [0x009B8208]\nE       \t(No symbol) [0x009B83A9]\nE       \t(No symbol) [0x009AAAC0]\nE       \tBaseThreadInitThunk [0x76845D49+25]\nE       \tRtlInitializeExceptionChain [0x771CCE3B+107]\nE       \tRtlGetAppContainerNamedObjectPath [0x771CCDC1+561]\n\nC:\\Users\\Lenovo\\miniconda3\\envs\\Skillbox_1\\lib\\site-packages\\selenium\\webdriver\\remote\\errorhandler.py:232: ElementClickInterceptedException"}, "attachments": [{"name": "log", "source": "7f7d1a04-f7b6-4671-8241-514c2c30df40-attachment.txt", "type": "text/plain"}], "start": 1743817750337, "stop": 1743817752678, "uuid": "5eef4de4-47d0-4f41-8630-ff009d7c9003", "historyId": "52841daa7eff1c4708334152e6025dbc", "testCaseId": "52841daa7eff1c4708334152e6025dbc", "fullName": "tests.practical_work.module_5.test_validation.TestValidation#test_validation_search_drop_down", "labels": [{"name": "parentSuite", "value": "tests.practical_work.module_5"}, {"name": "suite", "value": "test_validation"}, {"name": "subSuite", "value": "TestValidation"}, {"name": "host", "value": "Lenovo"}, {"name": "thread", "value": "16468-MainThread"}, {"name": "framework", "value": "pytest"}, {"name": "language", "value": "cpython3"}, {"name": "package", "value": "tests.practical_work.module_5.test_validation"}]}