{"name": "test_validation_slider_checkbox_radiobutton", "status": "broken", "statusDetails": {"message": "selenium.common.exceptions.NoSuchElementException: Message: no such element: Unable to locate element: {\"method\":\"xpath\",\"selector\":\"(//div/span[@class =\"ui-product-card-main__label f f--12\"])[8]\"}\n  (Session info: chrome=135.0.7049.116); For documentation on this error, please visit: https://www.selenium.dev/documentation/webdriver/troubleshooting/errors#no-such-element-exception\nStacktrace:\n\tGetHandleVerifier [0x0120D363+60275]\n\tGetHandleVerifier [0x0120D3A4+60340]\n\t(No symbol) [0x010406F3]\n\t(No symbol) [0x01088690]\n\t(No symbol) [0x01088A2B]\n\t(No symbol) [0x010D0EE2]\n\t(No symbol) [0x010AD0D4]\n\t(No symbol) [0x010CE6EB]\n\t(No symbol) [0x010ACE86]\n\t(No symbol) [0x0107C623]\n\t(No symbol) [0x0107D474]\n\tGetHandleVerifier [0x01458FE3+2467827]\n\tGetHandleVerifier [0x014545E6+2448886]\n\tGetHandleVerifier [0x0146F80C+2560028]\n\tGetHandleVerifier [0x01223DF5+153093]\n\tGetHandleVerifier [0x0122A3BD+179149]\n\tGetHandleVerifier [0x01214BB8+91080]\n\tGetHandleVerifier [0x01214D60+91504]\n\tGetHandleVerifier [0x011FFA10+4640]\n\tBaseThreadInitThunk [0x75EE5D49+25]\n\tRtlInitializeExceptionChain [0x7741CF0B+107]\n\tRtlGetAppContainerNamedObjectPath [0x7741CE91+561]", "trace": "self = <test_validation.TestValidation object at 0x000002B1569A3100>\nselenium = <selenium.webdriver.chrome.webdriver.WebDriver (session=\"dab0ffdab67e2228c58902b30fc801d9\")>\n\n    def test_validation_slider_checkbox_radiobutton(self, selenium):\n        wait = WebDriverWait(selenium, timeout=15)\n        action_chains = ActionChains(selenium)\n    \n        selenium.get(\"https://skillbox.ru/code/\")\n        #selenium.maximize_window()\n        radio_button = wait_element_in_dom_tree(wait, \"//label/child::span[contains(text(), 'Профессия')]\")\n        action_chains.click(radio_button) \\\n            .perform()\n        filter_left_slider = selenium.find_element(\n            By.XPATH, \"//div[@class='ui-range vue-slider vue-slider-ltr']/div/div[2]/button\")\n        action_chains.scroll_to_element(filter_left_slider) \\\n            .click_and_hold(filter_left_slider) \\\n            .move_by_offset(xoffset=50, yoffset=0) \\\n            .perform()\n        action_chains.release() \\\n            .pause(3) \\\n            .perform()\n        filter_right_slider = selenium.find_element(\n            By.XPATH, '//div[@class=\"ui-range vue-slider vue-slider-ltr\"]/div/div[3]/button')\n        action_chains.click_and_hold(filter_right_slider) \\\n            .move_by_offset(xoffset=-50, yoffset=0) \\\n            .perform()\n        action_chains.release() \\\n            .pause(3) \\\n            .perform()\n        filter_checkboxes = selenium.find_element(\n            By.XPATH, '//button[@class=\"ui-expand-button filter-checkboxes__button ui-expand-button--small\"]')\n        filter_checkboxes.click()\n        topic = selenium.find_element(By.XPATH, '//span/child::span[contains(text(), \"Python\")]')\n        topic.click()\n    \n        for i in range(1, 9):\n            path_type = f'(//div/span[@class =\"ui-product-card-main__label f f--12\"])[{i}]'\n>           type_training = selenium.find_element(By.XPATH, path_type).text\n\ntest_validation.py:113: \n_ _ _ _ _ _ _ _ _ _ _ _ _ _ _ _ _ _ _ _ _ _ _ _ _ _ _ _ _ _ _ _ _ _ _ _ _ _ _ _\nC:\\Users\\Lenovo\\miniconda3\\envs\\Skillbox_1\\lib\\site-packages\\selenium\\webdriver\\remote\\webdriver.py:898: in find_element\n    return self.execute(Command.FIND_ELEMENT, {\"using\": by, \"value\": value})[\"value\"]\nC:\\Users\\Lenovo\\miniconda3\\envs\\Skillbox_1\\lib\\site-packages\\selenium\\webdriver\\remote\\webdriver.py:429: in execute\n    self.error_handler.check_response(response)\n_ _ _ _ _ _ _ _ _ _ _ _ _ _ _ _ _ _ _ _ _ _ _ _ _ _ _ _ _ _ _ _ _ _ _ _ _ _ _ _\n\nself = <selenium.webdriver.remote.errorhandler.ErrorHandler object at 0x000002B1569E6DF0>\nresponse = {'status': 404, 'value': '{\"value\":{\"error\":\"no such element\",\"message\":\"no such element: Unable to locate element: {\\...9+25]\\\\n\\\\tRtlInitializeExceptionChain [0x7741CF0B+107]\\\\n\\\\tRtlGetAppContainerNamedObjectPath [0x7741CE91+561]\\\\n\"}}'}\n\n    def check_response(self, response: Dict[str, Any]) -> None:\n        \"\"\"Checks that a JSON response from the WebDriver does not have an\n        error.\n    \n        :Args:\n         - response - The JSON response from the WebDriver server as a dictionary\n           object.\n    \n        :Raises: If the response contains an error message.\n        \"\"\"\n        status = response.get(\"status\", None)\n        if not status or status == ErrorCode.SUCCESS:\n            return\n        value = None\n        message = response.get(\"message\", \"\")\n        screen: str = response.get(\"screen\", \"\")\n        stacktrace = None\n        if isinstance(status, int):\n            value_json = response.get(\"value\", None)\n            if value_json and isinstance(value_json, str):\n                import json\n    \n                try:\n                    value = json.loads(value_json)\n                    if len(value) == 1:\n                        value = value[\"value\"]\n                    status = value.get(\"error\", None)\n                    if not status:\n                        status = value.get(\"status\", ErrorCode.UNKNOWN_ERROR)\n                        message = value.get(\"value\") or value.get(\"message\")\n                        if not isinstance(message, str):\n                            value = message\n                            message = message.get(\"message\")\n                    else:\n                        message = value.get(\"message\", None)\n                except ValueError:\n                    pass\n    \n        exception_class: Type[WebDriverException]\n        e = ErrorCode()\n        error_codes = [item for item in dir(e) if not item.startswith(\"__\")]\n        for error_code in error_codes:\n            error_info = getattr(ErrorCode, error_code)\n            if isinstance(error_info, list) and status in error_info:\n                exception_class = getattr(ExceptionMapping, error_code, WebDriverException)\n                break\n        else:\n            exception_class = WebDriverException\n    \n        if not value:\n            value = response[\"value\"]\n        if isinstance(value, str):\n            raise exception_class(value)\n        if message == \"\" and \"message\" in value:\n            message = value[\"message\"]\n    \n        screen = None  # type: ignore[assignment]\n        if \"screen\" in value:\n            screen = value[\"screen\"]\n    \n        stacktrace = None\n        st_value = value.get(\"stackTrace\") or value.get(\"stacktrace\")\n        if st_value:\n            if isinstance(st_value, str):\n                stacktrace = st_value.split(\"\\n\")\n            else:\n                stacktrace = []\n                try:\n                    for frame in st_value:\n                        line = frame.get(\"lineNumber\", \"\")\n                        file = frame.get(\"fileName\", \"<anonymous>\")\n                        if line:\n                            file = f\"{file}:{line}\"\n                        meth = frame.get(\"methodName\", \"<anonymous>\")\n                        if \"className\" in frame:\n                            meth = f\"{frame['className']}.{meth}\"\n                        msg = \"    at %s (%s)\"\n                        msg = msg % (meth, file)\n                        stacktrace.append(msg)\n                except TypeError:\n                    pass\n        if exception_class == UnexpectedAlertPresentException:\n            alert_text = None\n            if \"data\" in value:\n                alert_text = value[\"data\"].get(\"text\")\n            elif \"alert\" in value:\n                alert_text = value[\"alert\"].get(\"text\")\n            raise exception_class(message, screen, stacktrace, alert_text)  # type: ignore[call-arg]  # mypy is not smart enough here\n>       raise exception_class(message, screen, stacktrace)\nE       selenium.common.exceptions.NoSuchElementException: Message: no such element: Unable to locate element: {\"method\":\"xpath\",\"selector\":\"(//div/span[@class =\"ui-product-card-main__label f f--12\"])[8]\"}\nE         (Session info: chrome=135.0.7049.116); For documentation on this error, please visit: https://www.selenium.dev/documentation/webdriver/troubleshooting/errors#no-such-element-exception\nE       Stacktrace:\nE       \tGetHandleVerifier [0x0120D363+60275]\nE       \tGetHandleVerifier [0x0120D3A4+60340]\nE       \t(No symbol) [0x010406F3]\nE       \t(No symbol) [0x01088690]\nE       \t(No symbol) [0x01088A2B]\nE       \t(No symbol) [0x010D0EE2]\nE       \t(No symbol) [0x010AD0D4]\nE       \t(No symbol) [0x010CE6EB]\nE       \t(No symbol) [0x010ACE86]\nE       \t(No symbol) [0x0107C623]\nE       \t(No symbol) [0x0107D474]\nE       \tGetHandleVerifier [0x01458FE3+2467827]\nE       \tGetHandleVerifier [0x014545E6+2448886]\nE       \tGetHandleVerifier [0x0146F80C+2560028]\nE       \tGetHandleVerifier [0x01223DF5+153093]\nE       \tGetHandleVerifier [0x0122A3BD+179149]\nE       \tGetHandleVerifier [0x01214BB8+91080]\nE       \tGetHandleVerifier [0x01214D60+91504]\nE       \tGetHandleVerifier [0x011FFA10+4640]\nE       \tBaseThreadInitThunk [0x75EE5D49+25]\nE       \tRtlInitializeExceptionChain [0x7741CF0B+107]\nE       \tRtlGetAppContainerNamedObjectPath [0x7741CE91+561]\n\nC:\\Users\\Lenovo\\miniconda3\\envs\\Skillbox_1\\lib\\site-packages\\selenium\\webdriver\\remote\\errorhandler.py:232: NoSuchElementException"}, "steps": [{"name": "Запуск функции ожидания элемента в DOM дереве страницы", "status": "passed", "steps": [{"name": "Ожидание того, что искомый элемент находится в DOM дереве страницы", "status": "passed", "start": 1746572833774, "stop": 1746572834895}], "parameters": [{"name": "wait", "value": "<selenium.webdriver.support.wait.WebDriverWait (session=\"dab0ffdab67e2228c58902b30fc801d9\")>"}, {"name": "path", "value": "'//label/child::span[contains(text(), 'Профессия')]'"}], "start": 1746572833774, "stop": 1746572834895}], "attachments": [{"name": "log", "source": "60201d3f-40cb-4f57-b5bf-dce88c3f988c-attachment.txt", "type": "text/plain"}], "start": 1746572833772, "stop": 1746572844266, "uuid": "a7377a90-7e8d-4910-af2e-055de6da21f3", "historyId": "20ff7cd6c4c3e36e8e44ab1bcf81bfdf", "testCaseId": "20ff7cd6c4c3e36e8e44ab1bcf81bfdf", "fullName": "tests.practical_work.module_5.test_validation.TestValidation#test_validation_slider_checkbox_radiobutton", "labels": [{"name": "parentSuite", "value": "tests.practical_work.module_5"}, {"name": "suite", "value": "test_validation"}, {"name": "subSuite", "value": "TestValidation"}, {"name": "host", "value": "Lenovo"}, {"name": "thread", "value": "6056-MainThread"}, {"name": "framework", "value": "pytest"}, {"name": "language", "value": "cpython3"}, {"name": "package", "value": "tests.practical_work.module_5.test_validation"}]}