{"name": "test_validation_search", "status": "broken", "statusDetails": {"message": "selenium.common.exceptions.TimeoutException: Message:", "trace": "self = <test_validation.TestValidation object at 0x000001E367AB4430>\nselenium = <selenium.webdriver.chrome.webdriver.WebDriver (session=\"3c08768b5eb4d936e2a941b320e132fd\")>\n\n    def test_validation_search(self, selenium):\n        wait = WebDriverWait(selenium, timeout=10)\n        head = \"in:title \"\n        search_text = \"bug\"\n        element_search = 1\n        cnt_elements = 25\n        path = f'(//h3/a/span)[{element_search}]'\n    \n        selenium.get(\"https://github.com/microsoft/vscode/issues\")\n        field_search = wait_visible_elements(wait, \"//input[@id='repository-input']\")\n        field_search.click()\n        field_search.send_keys(head + Keys.ENTER)\n        field_search = wait_visible_elements(wait, \"//input[@id='repository-input']\")\n        field_search.click()\n        field_search.send_keys(search_text + Keys.ENTER)\n>       wait.until(EC.text_to_be_present_in_element((By.XPATH, \"//h3/a/span\"), \"Bug\"))\n\ntest_validation.py:28: \n_ _ _ _ _ _ _ _ _ _ _ _ _ _ _ _ _ _ _ _ _ _ _ _ _ _ _ _ _ _ _ _ _ _ _ _ _ _ _ _\n\nself = <selenium.webdriver.support.wait.WebDriverWait (session=\"3c08768b5eb4d936e2a941b320e132fd\")>\nmethod = <function text_to_be_present_in_element.<locals>._predicate at 0x000001E367B9CA60>\nmessage = ''\n\n    def until(self, method: Callable[[D], Union[Literal[False], T]], message: str = \"\") -> T:\n        \"\"\"Wait until the method returns a value that is not False.\n    \n        Calls the method provided with the driver as an argument until the\n        return value does not evaluate to ``False``.\n    \n        Parameters:\n        ----------\n        method: callable(WebDriver)\n            - A callable object that takes a WebDriver instance as an argument.\n    \n        message: str\n            - Optional message for :exc:`TimeoutException`\n    \n        Return:\n        -------\n        object: T\n            - The result of the last call to `method`\n    \n        Raises:\n        -------\n        TimeoutException\n            - If 'method' does not return a truthy value within the WebDriverWait\n            object's timeout\n    \n        Example:\n        --------\n        >>> from selenium.webdriver.common.by import By\n        >>> from selenium.webdriver.support.ui import WebDriverWait\n        >>> from selenium.webdriver.support import expected_conditions as EC\n    \n        # Wait until an element is visible on the page\n        >>> wait = WebDriverWait(driver, 10)\n        >>> element = wait.until(EC.visibility_of_element_located((By.ID, \"exampleId\")))\n        >>> print(element.text)\n        \"\"\"\n        screen = None\n        stacktrace = None\n    \n        end_time = time.monotonic() + self._timeout\n        while True:\n            try:\n                value = method(self._driver)\n                if value:\n                    return value\n            except self._ignored_exceptions as exc:\n                screen = getattr(exc, \"screen\", None)\n                stacktrace = getattr(exc, \"stacktrace\", None)\n            if time.monotonic() > end_time:\n                break\n            time.sleep(self._poll)\n>       raise TimeoutException(message, screen, stacktrace)\nE       selenium.common.exceptions.TimeoutException: Message:\n\nC:\\Users\\Lenovo\\miniconda3\\envs\\Skillbox_1\\lib\\site-packages\\selenium\\webdriver\\support\\wait.py:146: TimeoutException"}, "steps": [{"name": "Запуск функции ожидания того, что элемента находиться в DOM дереве страницы и виден", "status": "passed", "steps": [{"name": "Ожидание того, что искомый элемент находится в DOM дереве страницы и виден", "status": "passed", "start": 1743817509899, "stop": 1743817511772}], "parameters": [{"name": "wait", "value": "<selenium.webdriver.support.wait.WebDriverWait (session=\"3c08768b5eb4d936e2a941b320e132fd\")>"}, {"name": "path", "value": "'//input[@id='repository-input']'"}], "start": 1743817509899, "stop": 1743817511772}, {"name": "Запуск функции ожидания того, что элемента находиться в DOM дереве страницы и виден", "status": "passed", "steps": [{"name": "Ожидание того, что искомый элемент находится в DOM дереве страницы и виден", "status": "passed", "start": 1743817512019, "stop": 1743817512094}], "parameters": [{"name": "wait", "value": "<selenium.webdriver.support.wait.WebDriverWait (session=\"3c08768b5eb4d936e2a941b320e132fd\")>"}, {"name": "path", "value": "'//input[@id='repository-input']'"}], "start": 1743817512019, "stop": 1743817512094}], "attachments": [{"name": "log", "source": "79f6547f-228b-4af9-8bc4-fe3259a5c372-attachment.txt", "type": "text/plain"}], "start": 1743817509897, "stop": 1743817522611, "uuid": "ccb9e31f-612b-4cb3-bf02-c86a510037d9", "historyId": "b53bd575bd27680181cd56f89318de6b", "testCaseId": "b53bd575bd27680181cd56f89318de6b", "fullName": "tests.practical_work.module_5.test_validation.TestValidation#test_validation_search", "labels": [{"name": "parentSuite", "value": "tests.practical_work.module_5"}, {"name": "suite", "value": "test_validation"}, {"name": "subSuite", "value": "TestValidation"}, {"name": "host", "value": "Lenovo"}, {"name": "thread", "value": "13596-MainThread"}, {"name": "framework", "value": "pytest"}, {"name": "language", "value": "cpython3"}, {"name": "package", "value": "tests.practical_work.module_5.test_validation"}]}