{"name": "Отображение кнопки \"Оформить заказ\" в корзине при оформлении заказа не авторизованным пользователем", "status": "broken", "statusDetails": {"message": "selenium.common.exceptions.TimeoutException: Message: \nStacktrace:\n\tGetHandleVerifier [0x0x6b3763+63299]\n\tGetHandleVerifier [0x0x6b37a4+63364]\n\t(No symbol) [0x0x4e1113]\n\t(No symbol) [0x0x52987e]\n\t(No symbol) [0x0x529c1b]\n\t(No symbol) [0x0x572212]\n\t(No symbol) [0x0x54e5c4]\n\t(No symbol) [0x0x56fa4a]\n\t(No symbol) [0x0x54e376]\n\t(No symbol) [0x0x51d6e0]\n\t(No symbol) [0x0x51e544]\n\tGetHandleVerifier [0x0x90e033+2531347]\n\tGetHandleVerifier [0x0x909332+2511634]\n\tGetHandleVerifier [0x0x6d9eda+220858]\n\tGetHandleVerifier [0x0x6ca528+156936]\n\tGetHandleVerifier [0x0x6d0c5d+183357]\n\tGetHandleVerifier [0x0x6bb6c8+95912]\n\tGetHandleVerifier [0x0x6bb870+96336]\n\tGetHandleVerifier [0x0x6a664a+9770]\n\tBaseThreadInitThunk [0x0x76de5d49+25]\n\tRtlInitializeExceptionChain [0x0x77aad03b+107]\n\tRtlGetAppContainerNamedObjectPath [0x0x77aacfc1+561]", "trace": "self = <test_placing_order_unauthorized_user.TestPlacingOrderUnauthorizedUser object at 0x0000023AC06E6D30>\nopen_page = <function open_page.<locals>.callback at 0x0000023AC0773160>\nselenium = <selenium.webdriver.chrome.webdriver.WebDriver (session=\"6215171b5fcb832b29855bd5c364fa70\")>\n\n    @allure.title('Отображение кнопки \"Оформить заказ\" в корзине при оформлении заказа не авторизованным пользователем')\n    def test_displaying_place_order_button(self, open_page, selenium):\n        \"\"\"\n        Шаги:\n        1. Навести курсор на любую пиццу в слайдере\n        2. Навести курсор на кнопку \"В корзину\"\n        3. Сделать клик по кнопке \"В корзину\"\n        4. Навести курсор на иконку корзины\n        5. Сделать клик по иконке корзины\n        6. Убедиться в налии кнопки \"ОФОРМИТЬ ЗАКАЗ\"\n        \"\"\"\n        wait = WebDriverWait(selenium, timeout=10)\n        action_chains = ActionChains(selenium)\n        path_first_pizza = \"//li[contains(@class, 'slick-active')]\"\n        path_first_button = \"//li[contains(@class, 'slick-active')]//a[contains(text(), 'В корзину')]\"\n        path_price_cart = \"//a[contains(@class, 'cart-contents')]\"\n        path_button_place_order = \"//a[contains(text(), 'ОФОРМИТЬ ЗАКАЗ')]\"\n    \n        open_page(\"https://pizzeria.skillbox.cc/\")\n        logout(wait, action_chains, go_to_element)\n    \n        with step('Навести курсор на любую пиццу в слайдере'):\n            go_to_element(wait, action_chains, path_first_pizza)\n        with step('Навести курсор на кнопку \"В корзину\"'):\n            go_to_element(wait, action_chains, path_first_button)\n        with step('Сделать клик по кнопке \"В корзину\"'):\n            action_chains.click().perform()\n        with step('Навести курсор на иконку корзины'):\n            go_to_element(wait, action_chains, path_price_cart)\n        with step('Сделать клик по иконке корзины'):\n            action_chains.click().perform()\n    \n        with step('Убедиться в налии кнопки \"ОФОРМИТЬ ЗАКАЗ\"'):\n            wait.until(EC.url_contains(\"https://pizzeria.skillbox.cc/cart/\"))\n            allure.attach(\n                selenium.get_screenshot_as_png(),\n                name=\"Кнопка 'ОФОРМИТЬ ЗАКАЗ' не найдена\",\n                attachment_type=allure.attachment_type.PNG\n            )\n>           assert wait_visible_element(wait, path_button_place_order), \"Кнопка 'ОФОРМИТЬ ЗАКАЗ' не найдена\"\n\ntest_placing_order_unauthorized_user.py:57: \n_ _ _ _ _ _ _ _ _ _ _ _ _ _ _ _ _ _ _ _ _ _ _ _ _ _ _ _ _ _ _ _ _ _ _ _ _ _ _ _\n..\\..\\..\\src\\actions\\waits\\wait_visible_element.py:11: in wait_visible_element\n    visible_element = wait.until(EC.visibility_of_element_located((By.XPATH, path)))\n_ _ _ _ _ _ _ _ _ _ _ _ _ _ _ _ _ _ _ _ _ _ _ _ _ _ _ _ _ _ _ _ _ _ _ _ _ _ _ _\n\nself = <selenium.webdriver.support.wait.WebDriverWait (session=\"6215171b5fcb832b29855bd5c364fa70\")>\nmethod = <function visibility_of_element_located.<locals>._predicate at 0x0000023AC07731F0>\nmessage = ''\n\n    def until(self, method: Callable[[D], Union[Literal[False], T]], message: str = \"\") -> T:\n        \"\"\"Wait until the method returns a value that is not False.\n    \n        Calls the method provided with the driver as an argument until the\n        return value does not evaluate to ``False``.\n    \n        Parameters:\n        -----------\n        method: callable(WebDriver)\n            - A callable object that takes a WebDriver instance as an argument.\n    \n        message: str\n            - Optional message for :exc:`TimeoutException`\n    \n        Return:\n        -------\n        object: T\n            - The result of the last call to `method`\n    \n        Raises:\n        -------\n        TimeoutException\n            - If 'method' does not return a truthy value within the WebDriverWait\n            object's timeout\n    \n        Example:\n        --------\n        >>> from selenium.webdriver.common.by import By\n        >>> from selenium.webdriver.support.ui import WebDriverWait\n        >>> from selenium.webdriver.support import expected_conditions as EC\n    \n        # Wait until an element is visible on the page\n        >>> wait = WebDriverWait(driver, 10)\n        >>> element = wait.until(EC.visibility_of_element_located((By.ID, \"exampleId\")))\n        >>> print(element.text)\n        \"\"\"\n        screen = None\n        stacktrace = None\n    \n        end_time = time.monotonic() + self._timeout\n        while True:\n            try:\n                value = method(self._driver)\n                if value:\n                    return value\n            except self._ignored_exceptions as exc:\n                screen = getattr(exc, \"screen\", None)\n                stacktrace = getattr(exc, \"stacktrace\", None)\n            if time.monotonic() > end_time:\n                break\n            time.sleep(self._poll)\n>       raise TimeoutException(message, screen, stacktrace)\nE       selenium.common.exceptions.TimeoutException: Message: \nE       Stacktrace:\nE       \tGetHandleVerifier [0x0x6b3763+63299]\nE       \tGetHandleVerifier [0x0x6b37a4+63364]\nE       \t(No symbol) [0x0x4e1113]\nE       \t(No symbol) [0x0x52987e]\nE       \t(No symbol) [0x0x529c1b]\nE       \t(No symbol) [0x0x572212]\nE       \t(No symbol) [0x0x54e5c4]\nE       \t(No symbol) [0x0x56fa4a]\nE       \t(No symbol) [0x0x54e376]\nE       \t(No symbol) [0x0x51d6e0]\nE       \t(No symbol) [0x0x51e544]\nE       \tGetHandleVerifier [0x0x90e033+2531347]\nE       \tGetHandleVerifier [0x0x909332+2511634]\nE       \tGetHandleVerifier [0x0x6d9eda+220858]\nE       \tGetHandleVerifier [0x0x6ca528+156936]\nE       \tGetHandleVerifier [0x0x6d0c5d+183357]\nE       \tGetHandleVerifier [0x0x6bb6c8+95912]\nE       \tGetHandleVerifier [0x0x6bb870+96336]\nE       \tGetHandleVerifier [0x0x6a664a+9770]\nE       \tBaseThreadInitThunk [0x0x76de5d49+25]\nE       \tRtlInitializeExceptionChain [0x0x77aad03b+107]\nE       \tRtlGetAppContainerNamedObjectPath [0x0x77aacfc1+561]\n\nC:\\Users\\Lenovo\\miniconda3\\envs\\Skillbox_1\\lib\\site-packages\\selenium\\webdriver\\support\\wait.py:146: TimeoutException"}, "description": "\n        Шаги:\n        1. Навести курсор на любую пиццу в слайдере\n        2. Навести курсор на кнопку \"В корзину\"\n        3. Сделать клик по кнопке \"В корзину\"\n        4. Навести курсор на иконку корзины\n        5. Сделать клик по иконке корзины\n        6. Убедиться в налии кнопки \"ОФОРМИТЬ ЗАКАЗ\"\n        ", "steps": [{"name": "Открываем страницу 'https://pizzeria.skillbox.cc/'", "status": "passed", "parameters": [{"name": "url", "value": "'https://pizzeria.skillbox.cc/'"}], "start": 1749020516028, "stop": 1749020516029}, {"name": "Запуск функции проверки и выхода из аккаунта", "status": "passed", "steps": [{"name": "Проверка авторизации пользователя", "status": "passed", "steps": [{"name": "Запуск функции ожидания того, что элемент находиться в DOM дереве страницы и виден", "status": "passed", "steps": [{"name": "Ожидание того, что искомый элемент находится в DOM дереве страницы и виден", "status": "passed", "start": 1749020516029, "stop": 1749020517173}], "parameters": [{"name": "wait", "value": "<selenium.webdriver.support.wait.WebDriverWait (session=\"6215171b5fcb832b29855bd5c364fa70\")>"}, {"name": "path", "value": "'//div[@class='login-woocommerce']'"}], "start": 1749020516029, "stop": 1749020517174}], "start": 1749020516029, "stop": 1749020517183}], "parameters": [{"name": "wait", "value": "<selenium.webdriver.support.wait.WebDriverWait (session=\"6215171b5fcb832b29855bd5c364fa70\")>"}, {"name": "action_chains", "value": "<selenium.webdriver.common.action_chains.ActionChains object at 0x0000023AC071F3A0>"}, {"name": "go_to_element", "value": "<function go_to_element at 0x0000023AC06EF1F0>"}], "start": 1749020516029, "stop": 1749020517184}, {"name": "Навести курсор на любую пиццу в слайдере", "status": "passed", "steps": [{"name": "Запуск функции ожидание видимости элемента и наведение на него курсора", "status": "passed", "steps": [{"name": "Ожидание видимости элемента", "status": "passed", "steps": [{"name": "Запуск функции ожидания того, что элемент находиться в DOM дереве страницы и виден", "status": "passed", "steps": [{"name": "Ожидание того, что искомый элемент находится в DOM дереве страницы и виден", "status": "passed", "start": 1749020517184, "stop": 1749020517195}], "parameters": [{"name": "wait", "value": "<selenium.webdriver.support.wait.WebDriverWait (session=\"6215171b5fcb832b29855bd5c364fa70\")>"}, {"name": "path", "value": "'//li[contains(@class, 'slick-active')]'"}], "start": 1749020517184, "stop": 1749020517195}], "start": 1749020517184, "stop": 1749020517195}, {"name": "Навести курсор на элемент", "status": "passed", "start": 1749020517195, "stop": 1749020517471}], "parameters": [{"name": "wait", "value": "<selenium.webdriver.support.wait.WebDriverWait (session=\"6215171b5fcb832b29855bd5c364fa70\")>"}, {"name": "action_chains", "value": "<selenium.webdriver.common.action_chains.ActionChains object at 0x0000023AC071F3A0>"}, {"name": "path_element", "value": "'//li[contains(@class, 'slick-active')]'"}], "start": 1749020517184, "stop": 1749020517471}], "start": 1749020517184, "stop": 1749020517471}, {"name": "Навести курсор на кнопку \"В корзину\"", "status": "passed", "steps": [{"name": "Запуск функции ожидание видимости элемента и наведение на него курсора", "status": "passed", "steps": [{"name": "Ожидание видимости элемента", "status": "passed", "steps": [{"name": "Запуск функции ожидания того, что элемент находиться в DOM дереве страницы и виден", "status": "passed", "steps": [{"name": "Ожидание того, что искомый элемент находится в DOM дереве страницы и виден", "status": "passed", "start": 1749020517471, "stop": 1749020517485}], "parameters": [{"name": "wait", "value": "<selenium.webdriver.support.wait.WebDriverWait (session=\"6215171b5fcb832b29855bd5c364fa70\")>"}, {"name": "path", "value": "'//li[contains(@class, 'slick-active')]//a[contains(text(), 'В корзину')]'"}], "start": 1749020517471, "stop": 1749020517485}], "start": 1749020517471, "stop": 1749020517485}, {"name": "Навести курсор на элемент", "status": "passed", "start": 1749020517485, "stop": 1749020517751}], "parameters": [{"name": "wait", "value": "<selenium.webdriver.support.wait.WebDriverWait (session=\"6215171b5fcb832b29855bd5c364fa70\")>"}, {"name": "action_chains", "value": "<selenium.webdriver.common.action_chains.ActionChains object at 0x0000023AC071F3A0>"}, {"name": "path_element", "value": "'//li[contains(@class, 'slick-active')]//a[contains(text(), 'В корзину')]'"}], "start": 1749020517471, "stop": 1749020517751}], "start": 1749020517471, "stop": 1749020517751}, {"name": "Сделать клик по кнопке \"В корзину\"", "status": "passed", "start": 1749020517751, "stop": 1749020517759}, {"name": "Навести курсор на иконку корзины", "status": "passed", "steps": [{"name": "Запуск функции ожидание видимости элемента и наведение на него курсора", "status": "passed", "steps": [{"name": "Ожидание видимости элемента", "status": "passed", "steps": [{"name": "Запуск функции ожидания того, что элемент находиться в DOM дереве страницы и виден", "status": "passed", "steps": [{"name": "Ожидание того, что искомый элемент находится в DOM дереве страницы и виден", "status": "passed", "start": 1749020517760, "stop": 1749020517773}], "parameters": [{"name": "wait", "value": "<selenium.webdriver.support.wait.WebDriverWait (session=\"6215171b5fcb832b29855bd5c364fa70\")>"}, {"name": "path", "value": "'//a[contains(@class, 'cart-contents')]'"}], "start": 1749020517760, "stop": 1749020517773}], "start": 1749020517760, "stop": 1749020517773}, {"name": "Навести курсор на элемент", "status": "passed", "start": 1749020517773, "stop": 1749020518047}], "parameters": [{"name": "wait", "value": "<selenium.webdriver.support.wait.WebDriverWait (session=\"6215171b5fcb832b29855bd5c364fa70\")>"}, {"name": "action_chains", "value": "<selenium.webdriver.common.action_chains.ActionChains object at 0x0000023AC071F3A0>"}, {"name": "path_element", "value": "'//a[contains(@class, 'cart-contents')]'"}], "start": 1749020517760, "stop": 1749020518047}], "start": 1749020517759, "stop": 1749020518047}, {"name": "Сделать клик по иконке корзины", "status": "passed", "start": 1749020518047, "stop": 1749020518057}, {"name": "Убедиться в налии кнопки \"ОФОРМИТЬ ЗАКАЗ\"", "status": "broken", "statusDetails": {"message": "selenium.common.exceptions.TimeoutException: Message: \nStacktrace:\n\tGetHandleVerifier [0x0x6b3763+63299]\n\tGetHandleVerifier [0x0x6b37a4+63364]\n\t(No symbol) [0x0x4e1113]\n\t(No symbol) [0x0x52987e]\n\t(No symbol) [0x0x529c1b]\n\t(No symbol) [0x0x572212]\n\t(No symbol) [0x0x54e5c4]\n\t(No symbol) [0x0x56fa4a]\n\t(No symbol) [0x0x54e376]\n\t(No symbol) [0x0x51d6e0]\n\t(No symbol) [0x0x51e544]\n\tGetHandleVerifier [0x0x90e033+2531347]\n\tGetHandleVerifier [0x0x909332+2511634]\n\tGetHandleVerifier [0x0x6d9eda+220858]\n\tGetHandleVerifier [0x0x6ca528+156936]\n\tGetHandleVerifier [0x0x6d0c5d+183357]\n\tGetHandleVerifier [0x0x6bb6c8+95912]\n\tGetHandleVerifier [0x0x6bb870+96336]\n\tGetHandleVerifier [0x0x6a664a+9770]\n\tBaseThreadInitThunk [0x0x76de5d49+25]\n\tRtlInitializeExceptionChain [0x0x77aad03b+107]\n\tRtlGetAppContainerNamedObjectPath [0x0x77aacfc1+561]\n\n", "trace": "  File \"C:\\Users\\Lenovo\\OneDrive\\Рабочий стол\\Автотесты\\python-autotests-basic\\tests\\the_final_work_on_autotests_in_python\\placing_order_unauthorized_user\\test_placing_order_unauthorized_user.py\", line 57, in test_displaying_place_order_button\n    assert wait_visible_element(wait, path_button_place_order), \"Кнопка 'ОФОРМИТЬ ЗАКАЗ' не найдена\"\n  File \"C:\\Users\\Lenovo\\miniconda3\\envs\\Skillbox_1\\lib\\site-packages\\allure_commons\\_allure.py\", line 202, in impl\n    return func(*a, **kw)\n  File \"C:\\Users\\Lenovo\\OneDrive\\Рабочий стол\\Автотесты\\python-autotests-basic\\src\\actions\\waits\\wait_visible_element.py\", line 11, in wait_visible_element\n    visible_element = wait.until(EC.visibility_of_element_located((By.XPATH, path)))\n  File \"C:\\Users\\Lenovo\\miniconda3\\envs\\Skillbox_1\\lib\\site-packages\\selenium\\webdriver\\support\\wait.py\", line 146, in until\n    raise TimeoutException(message, screen, stacktrace)\n"}, "steps": [{"name": "Запуск функции ожидания того, что элемент находиться в DOM дереве страницы и виден", "status": "broken", "statusDetails": {"message": "selenium.common.exceptions.TimeoutException: Message: \nStacktrace:\n\tGetHandleVerifier [0x0x6b3763+63299]\n\tGetHandleVerifier [0x0x6b37a4+63364]\n\t(No symbol) [0x0x4e1113]\n\t(No symbol) [0x0x52987e]\n\t(No symbol) [0x0x529c1b]\n\t(No symbol) [0x0x572212]\n\t(No symbol) [0x0x54e5c4]\n\t(No symbol) [0x0x56fa4a]\n\t(No symbol) [0x0x54e376]\n\t(No symbol) [0x0x51d6e0]\n\t(No symbol) [0x0x51e544]\n\tGetHandleVerifier [0x0x90e033+2531347]\n\tGetHandleVerifier [0x0x909332+2511634]\n\tGetHandleVerifier [0x0x6d9eda+220858]\n\tGetHandleVerifier [0x0x6ca528+156936]\n\tGetHandleVerifier [0x0x6d0c5d+183357]\n\tGetHandleVerifier [0x0x6bb6c8+95912]\n\tGetHandleVerifier [0x0x6bb870+96336]\n\tGetHandleVerifier [0x0x6a664a+9770]\n\tBaseThreadInitThunk [0x0x76de5d49+25]\n\tRtlInitializeExceptionChain [0x0x77aad03b+107]\n\tRtlGetAppContainerNamedObjectPath [0x0x77aacfc1+561]\n\n", "trace": "  File \"C:\\Users\\Lenovo\\miniconda3\\envs\\Skillbox_1\\lib\\site-packages\\allure_commons\\_allure.py\", line 202, in impl\n    return func(*a, **kw)\n  File \"C:\\Users\\Lenovo\\OneDrive\\Рабочий стол\\Автотесты\\python-autotests-basic\\src\\actions\\waits\\wait_visible_element.py\", line 11, in wait_visible_element\n    visible_element = wait.until(EC.visibility_of_element_located((By.XPATH, path)))\n  File \"C:\\Users\\Lenovo\\miniconda3\\envs\\Skillbox_1\\lib\\site-packages\\selenium\\webdriver\\support\\wait.py\", line 146, in until\n    raise TimeoutException(message, screen, stacktrace)\n"}, "steps": [{"name": "Ожидание того, что искомый элемент находится в DOM дереве страницы и виден", "status": "broken", "statusDetails": {"message": "selenium.common.exceptions.TimeoutException: Message: \nStacktrace:\n\tGetHandleVerifier [0x0x6b3763+63299]\n\tGetHandleVerifier [0x0x6b37a4+63364]\n\t(No symbol) [0x0x4e1113]\n\t(No symbol) [0x0x52987e]\n\t(No symbol) [0x0x529c1b]\n\t(No symbol) [0x0x572212]\n\t(No symbol) [0x0x54e5c4]\n\t(No symbol) [0x0x56fa4a]\n\t(No symbol) [0x0x54e376]\n\t(No symbol) [0x0x51d6e0]\n\t(No symbol) [0x0x51e544]\n\tGetHandleVerifier [0x0x90e033+2531347]\n\tGetHandleVerifier [0x0x909332+2511634]\n\tGetHandleVerifier [0x0x6d9eda+220858]\n\tGetHandleVerifier [0x0x6ca528+156936]\n\tGetHandleVerifier [0x0x6d0c5d+183357]\n\tGetHandleVerifier [0x0x6bb6c8+95912]\n\tGetHandleVerifier [0x0x6bb870+96336]\n\tGetHandleVerifier [0x0x6a664a+9770]\n\tBaseThreadInitThunk [0x0x76de5d49+25]\n\tRtlInitializeExceptionChain [0x0x77aad03b+107]\n\tRtlGetAppContainerNamedObjectPath [0x0x77aacfc1+561]\n\n", "trace": "  File \"C:\\Users\\Lenovo\\OneDrive\\Рабочий стол\\Автотесты\\python-autotests-basic\\src\\actions\\waits\\wait_visible_element.py\", line 11, in wait_visible_element\n    visible_element = wait.until(EC.visibility_of_element_located((By.XPATH, path)))\n  File \"C:\\Users\\Lenovo\\miniconda3\\envs\\Skillbox_1\\lib\\site-packages\\selenium\\webdriver\\support\\wait.py\", line 146, in until\n    raise TimeoutException(message, screen, stacktrace)\n"}, "start": 1749020518550, "stop": 1749020528816}], "parameters": [{"name": "wait", "value": "<selenium.webdriver.support.wait.WebDriverWait (session=\"6215171b5fcb832b29855bd5c364fa70\")>"}, {"name": "path", "value": "'//a[contains(text(), 'ОФОРМИТЬ ЗАКАЗ')]'"}], "start": 1749020518549, "stop": 1749020528816}], "attachments": [{"name": "Кнопка 'ОФОРМИТЬ ЗАКАЗ' не найдена", "source": "32f8858d-4bee-4bd5-8a60-ec534152398f-attachment.png", "type": "image/png"}], "start": 1749020518057, "stop": 1749020528816}], "attachments": [{"name": "log", "source": "b7a87328-41e3-4626-9d75-768602e13392-attachment.txt", "type": "text/plain"}], "start": 1749020516028, "stop": 1749020528816, "uuid": "1a09c713-d7a9-4d4a-bcc9-fdad28b827a2", "historyId": "b60352f5d05ac7eceab187ff9e6e2d22", "testCaseId": "b60352f5d05ac7eceab187ff9e6e2d22", "fullName": "tests.the_final_work_on_autotests_in_python.placing_order_unauthorized_user.test_placing_order_unauthorized_user.TestPlacingOrderUnauthorizedUser#test_displaying_place_order_button", "labels": [{"name": "epic", "value": "Финальная работа по курсу «Автотесты на Python"}, {"name": "feature", "value": "Тестирование функционала сайта Pizzeria"}, {"name": "story", "value": "Оформление заказа не авторизованным пользователем"}, {"name": "parentSuite", "value": "tests.the_final_work_on_autotests_in_python.placing_order_unauthorized_user"}, {"name": "suite", "value": "test_placing_order_unauthorized_user"}, {"name": "subSuite", "value": "TestPlacingOrderUnauthorizedUser"}, {"name": "host", "value": "Lenovo"}, {"name": "thread", "value": "7324-MainThread"}, {"name": "framework", "value": "pytest"}, {"name": "language", "value": "cpython3"}, {"name": "package", "value": "tests.the_final_work_on_autotests_in_python.placing_order_unauthorized_user.test_placing_order_unauthorized_user"}]}