{"name": "Проверка фильтрации страницы issues на сайте github по ключевым словам в заголовке", "status": "broken", "statusDetails": {"message": "selenium.common.exceptions.StaleElementReferenceException: Message: stale element reference: stale element not found in the current frame\n  (Session info: chrome=135.0.7049.116); For documentation on this error, please visit: https://www.selenium.dev/documentation/webdriver/troubleshooting/errors#stale-element-reference-exception\nStacktrace:\n\tGetHandleVerifier [0x0120D363+60275]\n\tGetHandleVerifier [0x0120D3A4+60340]\n\t(No symbol) [0x010406F3]\n\t(No symbol) [0x01046E47]\n\t(No symbol) [0x0104913A]\n\t(No symbol) [0x010491B7]\n\t(No symbol) [0x0108A32A]\n\t(No symbol) [0x0107E1EA]\n\t(No symbol) [0x010AD08C]\n\t(No symbol) [0x0107DCF4]\n\t(No symbol) [0x010AD304]\n\t(No symbol) [0x010CE6EB]\n\t(No symbol) [0x010ACE86]\n\t(No symbol) [0x0107C623]\n\t(No symbol) [0x0107D474]\n\tGetHandleVerifier [0x01458FE3+2467827]\n\tGetHandleVerifier [0x014545E6+2448886]\n\tGetHandleVerifier [0x0146F80C+2560028]\n\tGetHandleVerifier [0x01223DF5+153093]\n\tGetHandleVerifier [0x0122A3BD+179149]\n\tGetHandleVerifier [0x01214BB8+91080]\n\tGetHandleVerifier [0x01214D60+91504]\n\tGetHandleVerifier [0x011FFA10+4640]\n\tBaseThreadInitThunk [0x75EE5D49+25]\n\tRtlInitializeExceptionChain [0x7741CF0B+107]\n\tRtlGetAppContainerNamedObjectPath [0x7741CE91+561]", "trace": "self = <final_repository_setup.TestValidation object at 0x0000023AB368F340>\nselenium = <selenium.webdriver.chrome.webdriver.WebDriver (session=\"430c51f9e178f050d69fbadde5fb4cb9\")>\n\n    @allure.title('Проверка фильтрации страницы issues на сайте github по ключевым словам в заголовке')\n    def test_validation_search(self, selenium):\n        wait = WebDriverWait(selenium, timeout=10)\n        head = \"in:title \"\n        search_text = \"bug\"\n        element_search = 1\n        cnt_elements = 25\n        path = f'(//h3/a/span)[{element_search}]'\n    \n        with allure.step('Открыть страницу https://github.com/microsoft/vscode/issues'):\n            selenium.get(\"https://github.com/microsoft/vscode/issues\")\n        with allure.step('Дождаться того, что элемент \"Поле поиска\" присутствует в DOM страницы и виден'):\n            field_search = wait_visible_elements(wait, \"//input[@id='repository-input']\")\n        with allure.step('Сделать клик по полю поиска'):\n            field_search.click()\n        with allure.step('Ввести в поле поиска, сортировку по \"in:title \" и нажать ENTER'):\n            field_search.send_keys(head + Keys.ENTER)\n        with allure.step('Дождаться того, что элемент \"Поля поиска\" присутствует в DOM страницы и виден'):\n            field_search = wait_visible_elements(wait, \"//input[@id='repository-input']\")\n        with allure.step('Сделать клик по полю поиска'):\n>           field_search.click()\n\nfinal_repository_setup.py:37: \n_ _ _ _ _ _ _ _ _ _ _ _ _ _ _ _ _ _ _ _ _ _ _ _ _ _ _ _ _ _ _ _ _ _ _ _ _ _ _ _\nC:\\Users\\Lenovo\\miniconda3\\envs\\Skillbox_1\\lib\\site-packages\\selenium\\webdriver\\remote\\webelement.py:119: in click\n    self._execute(Command.CLICK_ELEMENT)\nC:\\Users\\Lenovo\\miniconda3\\envs\\Skillbox_1\\lib\\site-packages\\selenium\\webdriver\\remote\\webelement.py:572: in _execute\n    return self._parent.execute(command, params)\nC:\\Users\\Lenovo\\miniconda3\\envs\\Skillbox_1\\lib\\site-packages\\selenium\\webdriver\\remote\\webdriver.py:429: in execute\n    self.error_handler.check_response(response)\n_ _ _ _ _ _ _ _ _ _ _ _ _ _ _ _ _ _ _ _ _ _ _ _ _ _ _ _ _ _ _ _ _ _ _ _ _ _ _ _\n\nself = <selenium.webdriver.remote.errorhandler.ErrorHandler object at 0x0000023AB368F3D0>\nresponse = {'status': 404, 'value': '{\"value\":{\"error\":\"stale element reference\",\"message\":\"stale element reference: stale elemen...9+25]\\\\n\\\\tRtlInitializeExceptionChain [0x7741CF0B+107]\\\\n\\\\tRtlGetAppContainerNamedObjectPath [0x7741CE91+561]\\\\n\"}}'}\n\n    def check_response(self, response: Dict[str, Any]) -> None:\n        \"\"\"Checks that a JSON response from the WebDriver does not have an\n        error.\n    \n        :Args:\n         - response - The JSON response from the WebDriver server as a dictionary\n           object.\n    \n        :Raises: If the response contains an error message.\n        \"\"\"\n        status = response.get(\"status\", None)\n        if not status or status == ErrorCode.SUCCESS:\n            return\n        value = None\n        message = response.get(\"message\", \"\")\n        screen: str = response.get(\"screen\", \"\")\n        stacktrace = None\n        if isinstance(status, int):\n            value_json = response.get(\"value\", None)\n            if value_json and isinstance(value_json, str):\n                import json\n    \n                try:\n                    value = json.loads(value_json)\n                    if len(value) == 1:\n                        value = value[\"value\"]\n                    status = value.get(\"error\", None)\n                    if not status:\n                        status = value.get(\"status\", ErrorCode.UNKNOWN_ERROR)\n                        message = value.get(\"value\") or value.get(\"message\")\n                        if not isinstance(message, str):\n                            value = message\n                            message = message.get(\"message\")\n                    else:\n                        message = value.get(\"message\", None)\n                except ValueError:\n                    pass\n    \n        exception_class: Type[WebDriverException]\n        e = ErrorCode()\n        error_codes = [item for item in dir(e) if not item.startswith(\"__\")]\n        for error_code in error_codes:\n            error_info = getattr(ErrorCode, error_code)\n            if isinstance(error_info, list) and status in error_info:\n                exception_class = getattr(ExceptionMapping, error_code, WebDriverException)\n                break\n        else:\n            exception_class = WebDriverException\n    \n        if not value:\n            value = response[\"value\"]\n        if isinstance(value, str):\n            raise exception_class(value)\n        if message == \"\" and \"message\" in value:\n            message = value[\"message\"]\n    \n        screen = None  # type: ignore[assignment]\n        if \"screen\" in value:\n            screen = value[\"screen\"]\n    \n        stacktrace = None\n        st_value = value.get(\"stackTrace\") or value.get(\"stacktrace\")\n        if st_value:\n            if isinstance(st_value, str):\n                stacktrace = st_value.split(\"\\n\")\n            else:\n                stacktrace = []\n                try:\n                    for frame in st_value:\n                        line = frame.get(\"lineNumber\", \"\")\n                        file = frame.get(\"fileName\", \"<anonymous>\")\n                        if line:\n                            file = f\"{file}:{line}\"\n                        meth = frame.get(\"methodName\", \"<anonymous>\")\n                        if \"className\" in frame:\n                            meth = f\"{frame['className']}.{meth}\"\n                        msg = \"    at %s (%s)\"\n                        msg = msg % (meth, file)\n                        stacktrace.append(msg)\n                except TypeError:\n                    pass\n        if exception_class == UnexpectedAlertPresentException:\n            alert_text = None\n            if \"data\" in value:\n                alert_text = value[\"data\"].get(\"text\")\n            elif \"alert\" in value:\n                alert_text = value[\"alert\"].get(\"text\")\n            raise exception_class(message, screen, stacktrace, alert_text)  # type: ignore[call-arg]  # mypy is not smart enough here\n>       raise exception_class(message, screen, stacktrace)\nE       selenium.common.exceptions.StaleElementReferenceException: Message: stale element reference: stale element not found in the current frame\nE         (Session info: chrome=135.0.7049.116); For documentation on this error, please visit: https://www.selenium.dev/documentation/webdriver/troubleshooting/errors#stale-element-reference-exception\nE       Stacktrace:\nE       \tGetHandleVerifier [0x0120D363+60275]\nE       \tGetHandleVerifier [0x0120D3A4+60340]\nE       \t(No symbol) [0x010406F3]\nE       \t(No symbol) [0x01046E47]\nE       \t(No symbol) [0x0104913A]\nE       \t(No symbol) [0x010491B7]\nE       \t(No symbol) [0x0108A32A]\nE       \t(No symbol) [0x0107E1EA]\nE       \t(No symbol) [0x010AD08C]\nE       \t(No symbol) [0x0107DCF4]\nE       \t(No symbol) [0x010AD304]\nE       \t(No symbol) [0x010CE6EB]\nE       \t(No symbol) [0x010ACE86]\nE       \t(No symbol) [0x0107C623]\nE       \t(No symbol) [0x0107D474]\nE       \tGetHandleVerifier [0x01458FE3+2467827]\nE       \tGetHandleVerifier [0x014545E6+2448886]\nE       \tGetHandleVerifier [0x0146F80C+2560028]\nE       \tGetHandleVerifier [0x01223DF5+153093]\nE       \tGetHandleVerifier [0x0122A3BD+179149]\nE       \tGetHandleVerifier [0x01214BB8+91080]\nE       \tGetHandleVerifier [0x01214D60+91504]\nE       \tGetHandleVerifier [0x011FFA10+4640]\nE       \tBaseThreadInitThunk [0x75EE5D49+25]\nE       \tRtlInitializeExceptionChain [0x7741CF0B+107]\nE       \tRtlGetAppContainerNamedObjectPath [0x7741CE91+561]\n\nC:\\Users\\Lenovo\\miniconda3\\envs\\Skillbox_1\\lib\\site-packages\\selenium\\webdriver\\remote\\errorhandler.py:232: StaleElementReferenceException"}, "steps": [{"name": "Открыть страницу https://github.com/microsoft/vscode/issues", "status": "passed", "start": 1746572634749, "stop": 1746572634751}, {"name": "Дождаться того, что элемент \"Поле поиска\" присутствует в DOM страницы и виден", "status": "passed", "steps": [{"name": "Запуск функции ожидания того, что элемента находиться в DOM дереве страницы и виден", "status": "passed", "steps": [{"name": "Ожидание того, что искомый элемент находится в DOM дереве страницы и виден", "status": "passed", "start": 1746572634752, "stop": 1746572636593}], "parameters": [{"name": "wait", "value": "<selenium.webdriver.support.wait.WebDriverWait (session=\"430c51f9e178f050d69fbadde5fb4cb9\")>"}, {"name": "path", "value": "'//input[@id='repository-input']'"}], "start": 1746572634752, "stop": 1746572636593}], "start": 1746572634751, "stop": 1746572636593}, {"name": "Сделать клик по полю поиска", "status": "passed", "start": 1746572636593, "stop": 1746572636645}, {"name": "Ввести в поле поиска, сортировку по \"in:title \" и нажать ENTER", "status": "passed", "start": 1746572636645, "stop": 1746572636662}, {"name": "Дождаться того, что элемент \"Поля поиска\" присутствует в DOM страницы и виден", "status": "passed", "steps": [{"name": "Запуск функции ожидания того, что элемента находиться в DOM дереве страницы и виден", "status": "passed", "steps": [{"name": "Ожидание того, что искомый элемент находится в DOM дереве страницы и виден", "status": "passed", "start": 1746572636672, "stop": 1746572636687}], "parameters": [{"name": "wait", "value": "<selenium.webdriver.support.wait.WebDriverWait (session=\"430c51f9e178f050d69fbadde5fb4cb9\")>"}, {"name": "path", "value": "'//input[@id='repository-input']'"}], "start": 1746572636672, "stop": 1746572636687}], "start": 1746572636662, "stop": 1746572636687}, {"name": "Сделать клик по полю поиска", "status": "broken", "statusDetails": {"message": "selenium.common.exceptions.StaleElementReferenceException: Message: stale element reference: stale element not found in the current frame\n  (Session info: chrome=135.0.7049.116); For documentation on this error, please visit: https://www.selenium.dev/documentation/webdriver/troubleshooting/errors#stale-element-reference-exception\nStacktrace:\n\tGetHandleVerifier [0x0120D363+60275]\n\tGetHandleVerifier [0x0120D3A4+60340]\n\t(No symbol) [0x010406F3]\n\t(No symbol) [0x01046E47]\n\t(No symbol) [0x0104913A]\n\t(No symbol) [0x010491B7]\n\t(No symbol) [0x0108A32A]\n\t(No symbol) [0x0107E1EA]\n\t(No symbol) [0x010AD08C]\n\t(No symbol) [0x0107DCF4]\n\t(No symbol) [0x010AD304]\n\t(No symbol) [0x010CE6EB]\n\t(No symbol) [0x010ACE86]\n\t(No symbol) [0x0107C623]\n\t(No symbol) [0x0107D474]\n\tGetHandleVerifier [0x01458FE3+2467827]\n\tGetHandleVerifier [0x014545E6+2448886]\n\tGetHandleVerifier [0x0146F80C+2560028]\n\tGetHandleVerifier [0x01223DF5+153093]\n\tGetHandleVerifier [0x0122A3BD+179149]\n\tGetHandleVerifier [0x01214BB8+91080]\n\tGetHandleVerifier [0x01214D60+91504]\n\tGetHandleVerifier [0x011FFA10+4640]\n\tBaseThreadInitThunk [0x75EE5D49+25]\n\tRtlInitializeExceptionChain [0x7741CF0B+107]\n\tRtlGetAppContainerNamedObjectPath [0x7741CE91+561]\n\n", "trace": "  File \"C:\\Users\\Lenovo\\OneDrive\\Рабочий стол\\Автотесты\\python-autotests-basic\\tests\\practical_work\\module_6\\final_repository_setup.py\", line 37, in test_validation_search\n    field_search.click()\n  File \"C:\\Users\\Lenovo\\miniconda3\\envs\\Skillbox_1\\lib\\site-packages\\selenium\\webdriver\\remote\\webelement.py\", line 119, in click\n    self._execute(Command.CLICK_ELEMENT)\n  File \"C:\\Users\\Lenovo\\miniconda3\\envs\\Skillbox_1\\lib\\site-packages\\selenium\\webdriver\\remote\\webelement.py\", line 572, in _execute\n    return self._parent.execute(command, params)\n  File \"C:\\Users\\Lenovo\\miniconda3\\envs\\Skillbox_1\\lib\\site-packages\\selenium\\webdriver\\remote\\webdriver.py\", line 429, in execute\n    self.error_handler.check_response(response)\n  File \"C:\\Users\\Lenovo\\miniconda3\\envs\\Skillbox_1\\lib\\site-packages\\selenium\\webdriver\\remote\\errorhandler.py\", line 232, in check_response\n    raise exception_class(message, screen, stacktrace)\n"}, "start": 1746572636687, "stop": 1746572637281}], "attachments": [{"name": "log", "source": "58c74a36-a19d-4bf9-936a-547ab8a7e203-attachment.txt", "type": "text/plain"}], "start": 1746572634749, "stop": 1746572637285, "uuid": "8a580768-7b21-48fe-82c0-f5f93784f678", "historyId": "68ffa8c9566b23d3d3087c785be4870a", "testCaseId": "68ffa8c9566b23d3d3087c785be4870a", "fullName": "tests.practical_work.module_6.final_repository_setup.TestValidation#test_validation_search", "labels": [{"name": "story", "value": "Валидация состояния элементов с помощью Selenium"}, {"name": "feature", "value": "Финальная настройка тестового репозитория для полноценной работы над тестами"}, {"name": "parentSuite", "value": "tests.practical_work.module_6"}, {"name": "suite", "value": "final_repository_setup"}, {"name": "subSuite", "value": "TestValidation"}, {"name": "host", "value": "Lenovo"}, {"name": "thread", "value": "15108-MainThread"}, {"name": "framework", "value": "pytest"}, {"name": "language", "value": "cpython3"}, {"name": "package", "value": "tests.practical_work.module_6.final_repository_setup"}], "links": [{"type": "tms", "url": "Практическая работа по модулю 6", "name": "Практическая работа по модулю 6"}]}