{"name": "Проверка фильтрации страницы issues на сайте github по ключевым словам в заголовке", "status": "broken", "statusDetails": {"message": "selenium.common.exceptions.TimeoutException: Message: \nStacktrace:\n\tGetHandleVerifier [0x01288073+60707]\n\tGetHandleVerifier [0x012880B4+60772]\n\t(No symbol) [0x010B0683]\n\t(No symbol) [0x010F8660]\n\t(No symbol) [0x010F89FB]\n\t(No symbol) [0x01141022]\n\t(No symbol) [0x0111D094]\n\t(No symbol) [0x0113E824]\n\t(No symbol) [0x0111CE46]\n\t(No symbol) [0x010EC5D3]\n\t(No symbol) [0x010ED424]\n\tGetHandleVerifier [0x014CBB53+2435075]\n\tGetHandleVerifier [0x014C70F3+2416035]\n\tGetHandleVerifier [0x014E349C+2531660]\n\tGetHandleVerifier [0x0129F145+155125]\n\tGetHandleVerifier [0x012A5AED+182173]\n\tGetHandleVerifier [0x0128F948+91640]\n\tGetHandleVerifier [0x0128FAF0+92064]\n\tGetHandleVerifier [0x0127A5B0+4704]\n\tBaseThreadInitThunk [0x75C45D49+25]\n\tRtlInitializeExceptionChain [0x7754CF0B+107]\n\tRtlGetAppContainerNamedObjectPath [0x7754CE91+561]", "trace": "self = <final_repository_setup.TestValidation object at 0x00000190904CB7F0>\nselenium = <selenium.webdriver.chrome.webdriver.WebDriver (session=\"ec1a7f10de47baa2bd40d4932b1cf7f2\")>\n\n    @allure.title('Проверка фильтрации страницы issues на сайте github по ключевым словам в заголовке')\n    def test_validation_search(self, selenium):\n        wait = WebDriverWait(selenium, timeout=10)\n        head = \"in:title \"\n        search_text = \"bug\"\n        element_search = 1\n        cnt_elements = 25\n        path = f'(//h3/a/span)[{element_search}]'\n    \n        with allure.step('Открыть страницу https://github.com/microsoft/vscode/issues'):\n            selenium.get(\"https://github.com/microsoft/vscode/issues\")\n        with allure.step('Дождаться того, что элемент \"Поле поиска\" присутствует в DOM страницы и виден'):\n            field_search = wait_visible_elements(wait, \"//input[@id='repository-input']\")\n        with allure.step('Сделать клик по полю поиска'):\n            field_search.click()\n        with allure.step('Ввести в поле поиска, сортировку по \"in:title \" и нажать ENTER'):\n            field_search.send_keys(head + Keys.ENTER)\n        with allure.step('Дождаться того, что элемент \"Поля поиска\" присутствует в DOM страницы и виден'):\n            field_search = wait_visible_elements(wait, \"//input[@id='repository-input']\")\n        with allure.step('Сделать клик по полю поиска'):\n            field_search.click()\n        with allure.step('Ввести в поле поиска текст \"bug\", по которму будет проводиться сортировка и нажать ENTER'):\n            field_search.send_keys(search_text + Keys.ENTER)\n        with allure.step('Дождаться наличия текста \"Bug\" в найденой задаче'):\n>           wait.until(EC.text_to_be_present_in_element((By.XPATH, \"//h3/a/span\"), \"bug\"))\n\nfinal_repository_setup.py:41: \n_ _ _ _ _ _ _ _ _ _ _ _ _ _ _ _ _ _ _ _ _ _ _ _ _ _ _ _ _ _ _ _ _ _ _ _ _ _ _ _\n\nself = <selenium.webdriver.support.wait.WebDriverWait (session=\"ec1a7f10de47baa2bd40d4932b1cf7f2\")>\nmethod = <function text_to_be_present_in_element.<locals>._predicate at 0x00000190905AA9D0>\nmessage = ''\n\n    def until(self, method: Callable[[D], Union[Literal[False], T]], message: str = \"\") -> T:\n        \"\"\"Wait until the method returns a value that is not False.\n    \n        Calls the method provided with the driver as an argument until the\n        return value does not evaluate to ``False``.\n    \n        Parameters:\n        ----------\n        method: callable(WebDriver)\n            - A callable object that takes a WebDriver instance as an argument.\n    \n        message: str\n            - Optional message for :exc:`TimeoutException`\n    \n        Return:\n        -------\n        object: T\n            - The result of the last call to `method`\n    \n        Raises:\n        -------\n        TimeoutException\n            - If 'method' does not return a truthy value within the WebDriverWait\n            object's timeout\n    \n        Example:\n        --------\n        >>> from selenium.webdriver.common.by import By\n        >>> from selenium.webdriver.support.ui import WebDriverWait\n        >>> from selenium.webdriver.support import expected_conditions as EC\n    \n        # Wait until an element is visible on the page\n        >>> wait = WebDriverWait(driver, 10)\n        >>> element = wait.until(EC.visibility_of_element_located((By.ID, \"exampleId\")))\n        >>> print(element.text)\n        \"\"\"\n        screen = None\n        stacktrace = None\n    \n        end_time = time.monotonic() + self._timeout\n        while True:\n            try:\n                value = method(self._driver)\n                if value:\n                    return value\n            except self._ignored_exceptions as exc:\n                screen = getattr(exc, \"screen\", None)\n                stacktrace = getattr(exc, \"stacktrace\", None)\n            if time.monotonic() > end_time:\n                break\n            time.sleep(self._poll)\n>       raise TimeoutException(message, screen, stacktrace)\nE       selenium.common.exceptions.TimeoutException: Message: \nE       Stacktrace:\nE       \tGetHandleVerifier [0x01288073+60707]\nE       \tGetHandleVerifier [0x012880B4+60772]\nE       \t(No symbol) [0x010B0683]\nE       \t(No symbol) [0x010F8660]\nE       \t(No symbol) [0x010F89FB]\nE       \t(No symbol) [0x01141022]\nE       \t(No symbol) [0x0111D094]\nE       \t(No symbol) [0x0113E824]\nE       \t(No symbol) [0x0111CE46]\nE       \t(No symbol) [0x010EC5D3]\nE       \t(No symbol) [0x010ED424]\nE       \tGetHandleVerifier [0x014CBB53+2435075]\nE       \tGetHandleVerifier [0x014C70F3+2416035]\nE       \tGetHandleVerifier [0x014E349C+2531660]\nE       \tGetHandleVerifier [0x0129F145+155125]\nE       \tGetHandleVerifier [0x012A5AED+182173]\nE       \tGetHandleVerifier [0x0128F948+91640]\nE       \tGetHandleVerifier [0x0128FAF0+92064]\nE       \tGetHandleVerifier [0x0127A5B0+4704]\nE       \tBaseThreadInitThunk [0x75C45D49+25]\nE       \tRtlInitializeExceptionChain [0x7754CF0B+107]\nE       \tRtlGetAppContainerNamedObjectPath [0x7754CE91+561]\n\nC:\\Users\\Lenovo\\miniconda3\\envs\\Skillbox_1\\lib\\site-packages\\selenium\\webdriver\\support\\wait.py:146: TimeoutException"}, "steps": [{"name": "Открыть страницу https://github.com/microsoft/vscode/issues", "status": "passed", "start": 1744802354526, "stop": 1744802354529}, {"name": "Дождаться того, что элемент \"Поле поиска\" присутствует в DOM страницы и виден", "status": "passed", "steps": [{"name": "Запуск функции ожидания того, что элемента находиться в DOM дереве страницы и виден", "status": "passed", "steps": [{"name": "Ожидание того, что искомый элемент находится в DOM дереве страницы и виден", "status": "passed", "start": 1744802354529, "stop": 1744802357124}], "parameters": [{"name": "wait", "value": "<selenium.webdriver.support.wait.WebDriverWait (session=\"ec1a7f10de47baa2bd40d4932b1cf7f2\")>"}, {"name": "path", "value": "'//input[@id='repository-input']'"}], "start": 1744802354529, "stop": 1744802357125}], "start": 1744802354529, "stop": 1744802357125}, {"name": "Сделать клик по полю поиска", "status": "passed", "start": 1744802357125, "stop": 1744802357200}, {"name": "Ввести в поле поиска, сортировку по \"in:title \" и нажать ENTER", "status": "passed", "start": 1744802357200, "stop": 1744802357378}, {"name": "Дождаться того, что элемент \"Поля поиска\" присутствует в DOM страницы и виден", "status": "passed", "steps": [{"name": "Запуск функции ожидания того, что элемента находиться в DOM дереве страницы и виден", "status": "passed", "steps": [{"name": "Ожидание того, что искомый элемент находится в DOM дереве страницы и виден", "status": "passed", "start": 1744802357380, "stop": 1744802357441}], "parameters": [{"name": "wait", "value": "<selenium.webdriver.support.wait.WebDriverWait (session=\"ec1a7f10de47baa2bd40d4932b1cf7f2\")>"}, {"name": "path", "value": "'//input[@id='repository-input']'"}], "start": 1744802357378, "stop": 1744802357442}], "start": 1744802357378, "stop": 1744802357442}, {"name": "Сделать клик по полю поиска", "status": "passed", "start": 1744802357442, "stop": 1744802357493}, {"name": "Ввести в поле поиска текст \"bug\", по которму будет проводиться сортировка и нажать ENTER", "status": "passed", "start": 1744802357493, "stop": 1744802357556}, {"name": "Дождаться наличия текста \"Bug\" в найденой задаче", "status": "broken", "statusDetails": {"message": "selenium.common.exceptions.TimeoutException: Message: \nStacktrace:\n\tGetHandleVerifier [0x01288073+60707]\n\tGetHandleVerifier [0x012880B4+60772]\n\t(No symbol) [0x010B0683]\n\t(No symbol) [0x010F8660]\n\t(No symbol) [0x010F89FB]\n\t(No symbol) [0x01141022]\n\t(No symbol) [0x0111D094]\n\t(No symbol) [0x0113E824]\n\t(No symbol) [0x0111CE46]\n\t(No symbol) [0x010EC5D3]\n\t(No symbol) [0x010ED424]\n\tGetHandleVerifier [0x014CBB53+2435075]\n\tGetHandleVerifier [0x014C70F3+2416035]\n\tGetHandleVerifier [0x014E349C+2531660]\n\tGetHandleVerifier [0x0129F145+155125]\n\tGetHandleVerifier [0x012A5AED+182173]\n\tGetHandleVerifier [0x0128F948+91640]\n\tGetHandleVerifier [0x0128FAF0+92064]\n\tGetHandleVerifier [0x0127A5B0+4704]\n\tBaseThreadInitThunk [0x75C45D49+25]\n\tRtlInitializeExceptionChain [0x7754CF0B+107]\n\tRtlGetAppContainerNamedObjectPath [0x7754CE91+561]\n\n", "trace": "  File \"C:\\Users\\Lenovo\\OneDrive\\Рабочий стол\\Автотесты\\python-autotests-basic\\tests\\practical_work\\module_6\\final_repository_setup.py\", line 41, in test_validation_search\n    wait.until(EC.text_to_be_present_in_element((By.XPATH, \"//h3/a/span\"), \"bug\"))\n  File \"C:\\Users\\Lenovo\\miniconda3\\envs\\Skillbox_1\\lib\\site-packages\\selenium\\webdriver\\support\\wait.py\", line 146, in until\n    raise TimeoutException(message, screen, stacktrace)\n"}, "start": 1744802357556, "stop": 1744802367924}], "attachments": [{"name": "log", "source": "1c690dda-4677-4cc1-a3a8-2600dca177c5-attachment.txt", "type": "text/plain"}], "start": 1744802354526, "stop": 1744802367930, "uuid": "43fc8cd2-1da2-4ac1-893e-d15a3431f50a", "historyId": "68ffa8c9566b23d3d3087c785be4870a", "testCaseId": "68ffa8c9566b23d3d3087c785be4870a", "fullName": "tests.practical_work.module_6.final_repository_setup.TestValidation#test_validation_search", "labels": [{"name": "feature", "value": "Финальная настройка тестового репозитория для полноценной работы над тестами"}, {"name": "story", "value": "Валидация состояния элементов с помощью Selenium"}, {"name": "parentSuite", "value": "tests.practical_work.module_6"}, {"name": "suite", "value": "final_repository_setup"}, {"name": "subSuite", "value": "TestValidation"}, {"name": "host", "value": "Lenovo"}, {"name": "thread", "value": "13544-MainThread"}, {"name": "framework", "value": "pytest"}, {"name": "language", "value": "cpython3"}, {"name": "package", "value": "tests.practical_work.module_6.final_repository_setup"}], "links": [{"type": "tms", "url": "Практическая работа по модулю 6", "name": "Практическая работа по модулю 6"}]}